<?xml version="1.0" encoding="UTF-8"?>
<testsuite xmlns:xsi="http://www.w3.org/2001/XMLSchema-instance" xsi:noNamespaceSchemaLocation="https://maven.apache.org/surefire/maven-surefire-plugin/xsd/surefire-test-report.xsd" name="org.assertj.examples.AssumptionExamples" time="1.362" tests="10" errors="0" skipped="7" failures="0">
  <properties>
[...]
</properties>
  <testcase name="assumeThatCode_assumption_met_example" classname="org.assertj.examples.AssumptionExamples" time="0.494"/>
  <testcase name="all_assumptions_must_be_met_otherwise_the_test_is_ignored" classname="org.assertj.examples.AssumptionExamples" time="0">
    <skipped message="assumption was not met due to: &#10;Expecting ArrayList:&#10;  [Race [name=Hobbit, immortal=false],&#10;    Race [name=Hobbit, immortal=false],&#10;    Race [name=Hobbit, immortal=false],&#10;    Race [name=Hobbit, immortal=false],&#10;    Race [name=Maia, immortal=true],&#10;    Race [name=Elf, immortal=true],&#10;    Race [name=Dwarf, immortal=false],&#10;    Race [name=Man, immortal=false],&#10;    Race [name=Man, immortal=false]]&#10;to contain:&#10;  [Race [name=Orc, immortal=false]]&#10;but could not find the following element(s):&#10;  [Race [name=Orc, immortal=false]]&#10;" type="org.junit.AssumptionViolatedException">org.junit.AssumptionViolatedException: 
assumption was not met due to: 
Expecting ArrayList:
  [Race [name=Hobbit, immortal=false],
    Race [name=Hobbit, immortal=false],
    Race [name=Hobbit, immortal=false],
    Race [name=Hobbit, immortal=false],
    Race [name=Maia, immortal=true],
    Race [name=Elf, immortal=true],
    Race [name=Dwarf, immortal=false],
    Race [name=Man, immortal=false],
    Race [name=Man, immortal=false]]
to contain:
  [Race [name=Orc, immortal=false]]
but could not find the following element(s):
  [Race [name=Orc, immortal=false]]

	at org.assertj.examples.AssumptionExamples.all_assumptions_must_be_met_otherwise_the_test_is_ignored(AssumptionExamples.java:117)
Caused by: java.lang.AssertionError: 

Expecting ArrayList:
  [Race [name=Hobbit, immortal=false],
    Race [name=Hobbit, immortal=false],
    Race [name=Hobbit, immortal=false],
    Race [name=Hobbit, immortal=false],
    Race [name=Maia, immortal=true],
    Race [name=Elf, immortal=true],
    Race [name=Dwarf, immortal=false],
    Race [name=Man, immortal=false],
    Race [name=Man, immortal=false]]
to contain:
  [Race [name=Orc, immortal=false]]
but could not find the following element(s):
  [Race [name=Orc, immortal=false]]

	at org.assertj.examples.AssumptionExamples.all_assumptions_must_be_met_otherwise_the_test_is_ignored(AssumptionExamples.java:117)
</skipped>
  </testcase>
  <testcase name="can_use_extracting_feature_in_assumptions" classname="org.assertj.examples.AssumptionExamples" time="0">
    <skipped message="assumption was not met due to: &#10;Expecting ArrayList:&#10;  [Race [name=Hobbit, immortal=false],&#10;    Race [name=Hobbit, immortal=false],&#10;    Race [name=Hobbit, immortal=false],&#10;    Race [name=Hobbit, immortal=false],&#10;    Race [name=Maia, immortal=true],&#10;    Race [name=Elf, immortal=true],&#10;    Race [name=Dwarf, immortal=false],&#10;    Race [name=Man, immortal=false],&#10;    Race [name=Man, immortal=false]]&#10;to contain:&#10;  [Race [name=Orc, immortal=false]]&#10;but could not find the following element(s):&#10;  [Race [name=Orc, immortal=false]]&#10;" type="org.junit.AssumptionViolatedException">org.junit.AssumptionViolatedException: 
assumption was not met due to: 
Expecting ArrayList:
  [Race [name=Hobbit, immortal=false],
    Race [name=Hobbit, immortal=false],
    Race [name=Hobbit, immortal=false],
    Race [name=Hobbit, immortal=false],
    Race [name=Maia, immortal=true],
    Race [name=Elf, immortal=true],
    Race [name=Dwarf, immortal=false],
    Race [name=Man, immortal=false],
    Race [name=Man, immortal=false]]
to contain:
  [Race [name=Orc, immortal=false]]
but could not find the following element(s):
  [Race [name=Orc, immortal=false]]

	at org.assertj.examples.AssumptionExamples.can_use_extracting_feature_in_assumptions(AssumptionExamples.java:89)
Caused by: java.lang.AssertionError: 

Expecting ArrayList:
  [Race [name=Hobbit, immortal=false],
    Race [name=Hobbit, immortal=false],
    Race [name=Hobbit, immortal=false],
    Race [name=Hobbit, immortal=false],
    Race [name=Maia, immortal=true],
    Race [name=Elf, immortal=true],
    Race [name=Dwarf, immortal=false],
    Race [name=Man, immortal=false],
    Race [name=Man, immortal=false]]
to contain:
  [Race [name=Orc, immortal=false]]
but could not find the following element(s):
  [Race [name=Orc, immortal=false]]

	at org.assertj.examples.AssumptionExamples.can_use_extracting_feature_in_assumptions(AssumptionExamples.java:89)
</skipped>
  </testcase>
  <testcase name="when_all_assumptions_are_met_the_test_should_be_run" classname="org.assertj.examples.AssumptionExamples" time="0.001"/>
  <testcase name="when_assumption_is_not_met_the_test_should_be_ignored" classname="org.assertj.examples.AssumptionExamples" time="0">
    <skipped message="assumption was not met due to: &#10;expected: Race [name=Orc, immortal=false]&#10;but was : Race [name=Hobbit, immortal=false]" type="org.junit.AssumptionViolatedException">org.junit.AssumptionViolatedException: 
assumption was not met due to: 
expected: Race [name=Orc, immortal=false]
but was : Race [name=Hobbit, immortal=false]
	at org.assertj.examples.AssumptionExamples.when_assumption_is_not_met_the_test_should_be_ignored(AssumptionExamples.java:41)
Caused by: org.opentest4j.AssertionFailedError: 

expected: Race [name=Orc, immortal=false]
but was : Race [name=Hobbit, immortal=false]
	at org.assertj.examples.AssumptionExamples.when_assumption_is_not_met_the_test_should_be_ignored(AssumptionExamples.java:41)
</skipped>
  </testcase>
  <testcase name="assumeThatCode_assumption_not_met_example" classname="org.assertj.examples.AssumptionExamples" time="0">
    <skipped message="assumption was not met due to: &#10;Expecting code not to raise a throwable but caught&#10;  &quot;java.lang.IndexOutOfBoundsException: Index 1000 out of bounds for length 9&#10;	at java.base/jdk.internal.util.Preconditions.outOfBounds(Preconditions.java:64)&#10;	at java.base/jdk.internal.util.Preconditions.outOfBoundsCheckIndex(Preconditions.java:70)&#10;	at java.base/jdk.internal.util.Preconditions.checkIndex(Preconditions.java:248)&#10;	at java.base/java.util.Objects.checkIndex(Objects.java:372)&#10;	at java.base/java.util.ArrayList.get(ArrayList.java:459)&#10;	at org.assertj.examples.AssumptionExamples.lambda$assumeThatCode_assumption_not_met_example$0(AssumptionExamples.java:98)&#10;	at org.assertj.core.api.ThrowableAssert.catchThrowable(ThrowableAssert.java:62)&#10;	at org.assertj.core.api.AssertionsForClassTypes.catchThrowable(AssertionsForClassTypes.java:877)&#10;	at org.assertj.core.api.Assertions.catchThrowable(Assertions.java:1306)&#10;	at org.assertj.core.api.Assumptions.assumeThatCode(Assumptions.java:952)&#10;	at org.assertj.examples.AssumptionExamples.assumeThatCode_assumption_not_met_example(AssumptionExamples.java:98)&#10;	at java.base/jdk.internal.reflect.NativeMethodAccessorImpl.invoke0(Native Method)&#10;	at java.base/jdk.internal.reflect.NativeMethodAccessorImpl.invoke(NativeMethodAccessorImpl.java:62)&#10;	at java.base/jdk.internal.reflect.DelegatingMethodAccessorImpl.invoke(DelegatingMethodAccessorImpl.java:43)&#10;	at java.base/java.lang.reflect.Method.invoke(Method.java:566)&#10;	at org.junit.platform.commons.util.ReflectionUtils.invokeMethod(ReflectionUtils.java:688)&#10;	at org.junit.jupiter.engine.execution.MethodInvocation.proceed(MethodInvocation.java:60)&#10;	at org.junit.jupiter.engine.execution.InvocationInterceptorChain$ValidatingInvocation.proceed(InvocationInterceptorChain.java:131)&#10;	at org.junit.jupiter.engine.extension.TimeoutExtension.intercept(TimeoutExtension.java:149)&#10;	at org.junit.jupiter.engine.extension.TimeoutExtension.interceptTestableMethod(TimeoutExtension.java:140)&#10;	at org.junit.jupiter.engine.extension.TimeoutExtension.interceptTestMethod(TimeoutExtension.java:84)&#10;	at org.junit.jupiter.engine.execution.ExecutableInvoker$ReflectiveInterceptorCall.lambda$ofVoidMethod$0(ExecutableInvoker.java:115)&#10;	at org.junit.jupiter.engine.execution.ExecutableInvoker.lambda$invoke$0(ExecutableInvoker.java:105)&#10;	at org.junit.jupiter.engine.execution.InvocationInterceptorChain$InterceptedInvocation.proceed(InvocationInterceptorChain.java:106)&#10;	at org.junit.jupiter.engine.execution.InvocationInterceptorChain.proceed(InvocationInterceptorChain.java:64)&#10;	at org.junit.jupiter.engine.execution.InvocationInterceptorChain.chainAndInvoke(InvocationInterceptorChain.java:45)&#10;	at org.junit.jupiter.engine.execution.InvocationInterceptorChain.invoke(InvocationInterceptorChain.java:37)&#10;	at org.junit.jupiter.engine.execution.ExecutableInvoker.invoke(ExecutableInvoker.java:104)&#10;	at org.junit.jupiter.engine.execution.ExecutableInvoker.invoke(ExecutableInvoker.java:98)&#10;	at org.junit.jupiter.engine.descriptor.TestMethodTestDescriptor.lambda$invokeTestMethod$6(TestMethodTestDescriptor.java:210)&#10;	at org.junit.platform.engine.support.hierarchical.ThrowableCollector.execute(ThrowableCollector.java:73)&#10;	at org.junit.jupiter.engine.descriptor.TestMethodTestDescriptor.invokeTestMethod(TestMethodTestDescriptor.java:206)&#10;	at org.junit.jupiter.engine.descriptor.TestMethodTestDescriptor.execute(TestMethodTestDescriptor.java:131)&#10;	at org.junit.jupiter.engine.descriptor.TestMethodTestDescriptor.execute(TestMethodTestDescriptor.java:65)&#10;	at org.junit.platform.engine.support.hierarchical.NodeTestTask.lambda$executeRecursively$5(NodeTestTask.java:139)&#10;	at org.junit.platform.engine.support.hierarchical.ThrowableCollector.execute(ThrowableCollector.java:73)&#10;	at org.junit.platform.engine.support.hierarchical.NodeTestTask.lambda$executeRecursively$7(NodeTestTask.java:129)&#10;	at org.junit.platform.engine.support.hierarchical.Node.around(Node.java:137)&#10;	at org.junit.platform.engine.support.hierarchical.NodeTestTask.lambda$executeRecursively$8(NodeTestTask.java:127)&#10;	at org.junit.platform.engine.support.hierarchical.ThrowableCollector.execute(ThrowableCollector.java:73)&#10;	at org.junit.platform.engine.support.hierarchical.NodeTestTask.executeRecursively(NodeTestTask.java:126)&#10;	at org.junit.platform.engine.support.hierarchical.NodeTestTask.execute(NodeTestTask.java:84)&#10;	at java.base/java.util.ArrayList.forEach(ArrayList.java:1541)&#10;	at org.junit.platform.engine.support.hierarchical.SameThreadHierarchicalTestExecutorService.invokeAll(SameThreadHierarchicalTestExecutorService.java:38)&#10;	at org.junit.platform.engine.support.hierarchical.NodeTestTask.lambda$executeRecursively$5(NodeTestTask.java:143)&#10;	at org.junit.platform.engine.support.hierarchical.ThrowableCollector.execute(ThrowableCollector.java:73)&#10;	at org.junit.platform.engine.support.hierarchical.NodeTestTask.lambda$executeRecursively$7(NodeTestTask.java:129)&#10;	at org.junit.platform.engine.support.hierarchical.Node.around(Node.java:137)&#10;	at org.junit.platform.engine.support.hierarchical.NodeTestTask.lambda$executeRecursively$8(NodeTestTask.java:127)&#10;	at org.junit.platform.engine.support.hierarchical.ThrowableCollector.execute(ThrowableCollector.java:73)&#10;	at org.junit.platform.engine.support.hierarchical.NodeTestTask.executeRecursively(NodeTestTask.java:126)&#10;	at org.junit.platform.engine.support.hierarchical.NodeTestTask.execute(NodeTestTask.java:84)&#10;	at java.base/java.util.ArrayList.forEach(ArrayList.java:1541)&#10;	at org.junit.platform.engine.support.hierarchical.SameThreadHierarchicalTestExecutorService.invokeAll(SameThreadHierarchicalTestExecutorService.java:38)&#10;	at org.junit.platform.engine.support.hierarchical.NodeTestTask.lambda$executeRecursively$5(NodeTestTask.java:143)&#10;	at org.junit.platform.engine.support.hierarchical.ThrowableCollector.execute(ThrowableCollector.java:73)&#10;	at org.junit.platform.engine.support.hierarchical.NodeTestTask.lambda$executeRecursively$7(NodeTestTask.java:129)&#10;	at org.junit.platform.engine.support.hierarchical.Node.around(Node.java:137)&#10;	at org.junit.platform.engine.support.hierarchical.NodeTestTask.lambda$executeRecursively$8(NodeTestTask.java:127)&#10;	at org.junit.platform.engine.support.hierarchical.ThrowableCollector.execute(ThrowableCollector.java:73)&#10;	at org.junit.platform.engine.support.hierarchical.NodeTestTask.executeRecursively(NodeTestTask.java:126)&#10;	at org.junit.platform.engine.support.hierarchical.NodeTestTask.execute(NodeTestTask.java:84)&#10;	at org.junit.platform.engine.support.hierarchical.SameThreadHierarchicalTestExecutorService.submit(SameThreadHierarchicalTestExecutorService.java:32)&#10;	at org.junit.platform.engine.support.hierarchical.HierarchicalTestExecutor.execute(HierarchicalTestExecutor.java:57)&#10;	at org.junit.platform.engine.support.hierarchical.HierarchicalTestEngine.execute(HierarchicalTestEngine.java:51)&#10;	at org.junit.platform.launcher.core.DefaultLauncher.execute(DefaultLauncher.java:220)&#10;	at org.junit.platform.launcher.core.DefaultLauncher.lambda$execute$6(DefaultLauncher.java:188)&#10;	at org.junit.platform.launcher.core.DefaultLauncher.withInterceptedStreams(DefaultLauncher.java:202)&#10;	at org.junit.platform.launcher.core.DefaultLauncher.execute(DefaultLauncher.java:181)&#10;	at org.junit.platform.launcher.core.DefaultLauncher.execute(DefaultLauncher.java:128)&#10;	at org.apache.maven.surefire.junitplatform.JUnitPlatformProvider.invokeAllTests(JUnitPlatformProvider.java:142)&#10;	at org.apache.maven.surefire.junitplatform.JUnitPlatformProvider.invoke(JUnitPlatformProvider.java:117)&#10;	at org.apache.maven.surefire.booter.ForkedBooter.invokeProviderInSameClassLoader(ForkedBooter.java:384)&#10;	at org.apache.maven.surefire.booter.ForkedBooter.runSuitesInProcess(ForkedBooter.java:345)&#10;	at org.apache.maven.surefire.booter.ForkedBooter.execute(ForkedBooter.java:126)&#10;	at org.apache.maven.surefire.booter.ForkedBooter.main(ForkedBooter.java:418)&#10;&quot;" type="org.junit.AssumptionViolatedException">org.junit.AssumptionViolatedException: 
assumption was not met due to: 
Expecting code not to raise a throwable but caught
  "java.lang.IndexOutOfBoundsException: Index 1000 out of bounds for length 9
	at java.base/jdk.internal.util.Preconditions.outOfBounds(Preconditions.java:64)
	at java.base/jdk.internal.util.Preconditions.outOfBoundsCheckIndex(Preconditions.java:70)
	at java.base/jdk.internal.util.Preconditions.checkIndex(Preconditions.java:248)
	at java.base/java.util.Objects.checkIndex(Objects.java:372)
	at java.base/java.util.ArrayList.get(ArrayList.java:459)
	at org.assertj.examples.AssumptionExamples.lambda$assumeThatCode_assumption_not_met_example$0(AssumptionExamples.java:98)
	at org.assertj.core.api.ThrowableAssert.catchThrowable(ThrowableAssert.java:62)
	at org.assertj.core.api.AssertionsForClassTypes.catchThrowable(AssertionsForClassTypes.java:877)
	at org.assertj.core.api.Assertions.catchThrowable(Assertions.java:1306)
	at org.assertj.core.api.Assumptions.assumeThatCode(Assumptions.java:952)
	at org.assertj.examples.AssumptionExamples.assumeThatCode_assumption_not_met_example(AssumptionExamples.java:98)
	at java.base/jdk.internal.reflect.NativeMethodAccessorImpl.invoke0(Native Method)
	at java.base/jdk.internal.reflect.NativeMethodAccessorImpl.invoke(NativeMethodAccessorImpl.java:62)
	at java.base/jdk.internal.reflect.DelegatingMethodAccessorImpl.invoke(DelegatingMethodAccessorImpl.java:43)
	at java.base/java.lang.reflect.Method.invoke(Method.java:566)
	at org.junit.platform.commons.util.ReflectionUtils.invokeMethod(ReflectionUtils.java:688)
	at org.junit.jupiter.engine.execution.MethodInvocation.proceed(MethodInvocation.java:60)
	at org.junit.jupiter.engine.execution.InvocationInterceptorChain$ValidatingInvocation.proceed(InvocationInterceptorChain.java:131)
	at org.junit.jupiter.engine.extension.TimeoutExtension.intercept(TimeoutExtension.java:149)
	at org.junit.jupiter.engine.extension.TimeoutExtension.interceptTestableMethod(TimeoutExtension.java:140)
	at org.junit.jupiter.engine.extension.TimeoutExtension.interceptTestMethod(TimeoutExtension.java:84)
	at org.junit.jupiter.engine.execution.ExecutableInvoker$ReflectiveInterceptorCall.lambda$ofVoidMethod$0(ExecutableInvoker.java:115)
	at org.junit.jupiter.engine.execution.ExecutableInvoker.lambda$invoke$0(ExecutableInvoker.java:105)
	at org.junit.jupiter.engine.execution.InvocationInterceptorChain$InterceptedInvocation.proceed(InvocationInterceptorChain.java:106)
	at org.junit.jupiter.engine.execution.InvocationInterceptorChain.proceed(InvocationInterceptorChain.java:64)
	at org.junit.jupiter.engine.execution.InvocationInterceptorChain.chainAndInvoke(InvocationInterceptorChain.java:45)
	at org.junit.jupiter.engine.execution.InvocationInterceptorChain.invoke(InvocationInterceptorChain.java:37)
	at org.junit.jupiter.engine.execution.ExecutableInvoker.invoke(ExecutableInvoker.java:104)
	at org.junit.jupiter.engine.execution.ExecutableInvoker.invoke(ExecutableInvoker.java:98)
	at org.junit.jupiter.engine.descriptor.TestMethodTestDescriptor.lambda$invokeTestMethod$6(TestMethodTestDescriptor.java:210)
	at org.junit.platform.engine.support.hierarchical.ThrowableCollector.execute(ThrowableCollector.java:73)
	at org.junit.jupiter.engine.descriptor.TestMethodTestDescriptor.invokeTestMethod(TestMethodTestDescriptor.java:206)
	at org.junit.jupiter.engine.descriptor.TestMethodTestDescriptor.execute(TestMethodTestDescriptor.java:131)
	at org.junit.jupiter.engine.descriptor.TestMethodTestDescriptor.execute(TestMethodTestDescriptor.java:65)
	at org.junit.platform.engine.support.hierarchical.NodeTestTask.lambda$executeRecursively$5(NodeTestTask.java:139)
	at org.junit.platform.engine.support.hierarchical.ThrowableCollector.execute(ThrowableCollector.java:73)
	at org.junit.platform.engine.support.hierarchical.NodeTestTask.lambda$executeRecursively$7(NodeTestTask.java:129)
	at org.junit.platform.engine.support.hierarchical.Node.around(Node.java:137)
	at org.junit.platform.engine.support.hierarchical.NodeTestTask.lambda$executeRecursively$8(NodeTestTask.java:127)
	at org.junit.platform.engine.support.hierarchical.ThrowableCollector.execute(ThrowableCollector.java:73)
	at org.junit.platform.engine.support.hierarchical.NodeTestTask.executeRecursively(NodeTestTask.java:126)
	at org.junit.platform.engine.support.hierarchical.NodeTestTask.execute(NodeTestTask.java:84)
	at java.base/java.util.ArrayList.forEach(ArrayList.java:1541)
	at org.junit.platform.engine.support.hierarchical.SameThreadHierarchicalTestExecutorService.invokeAll(SameThreadHierarchicalTestExecutorService.java:38)
	at org.junit.platform.engine.support.hierarchical.NodeTestTask.lambda$executeRecursively$5(NodeTestTask.java:143)
	at org.junit.platform.engine.support.hierarchical.ThrowableCollector.execute(ThrowableCollector.java:73)
	at org.junit.platform.engine.support.hierarchical.NodeTestTask.lambda$executeRecursively$7(NodeTestTask.java:129)
	at org.junit.platform.engine.support.hierarchical.Node.around(Node.java:137)
	at org.junit.platform.engine.support.hierarchical.NodeTestTask.lambda$executeRecursively$8(NodeTestTask.java:127)
	at org.junit.platform.engine.support.hierarchical.ThrowableCollector.execute(ThrowableCollector.java:73)
	at org.junit.platform.engine.support.hierarchical.NodeTestTask.executeRecursively(NodeTestTask.java:126)
	at org.junit.platform.engine.support.hierarchical.NodeTestTask.execute(NodeTestTask.java:84)
	at java.base/java.util.ArrayList.forEach(ArrayList.java:1541)
	at org.junit.platform.engine.support.hierarchical.SameThreadHierarchicalTestExecutorService.invokeAll(SameThreadHierarchicalTestExecutorService.java:38)
	at org.junit.platform.engine.support.hierarchical.NodeTestTask.lambda$executeRecursively$5(NodeTestTask.java:143)
	at org.junit.platform.engine.support.hierarchical.ThrowableCollector.execute(ThrowableCollector.java:73)
	at org.junit.platform.engine.support.hierarchical.NodeTestTask.lambda$executeRecursively$7(NodeTestTask.java:129)
	at org.junit.platform.engine.support.hierarchical.Node.around(Node.java:137)
	at org.junit.platform.engine.support.hierarchical.NodeTestTask.lambda$executeRecursively$8(NodeTestTask.java:127)
	at org.junit.platform.engine.support.hierarchical.ThrowableCollector.execute(ThrowableCollector.java:73)
	at org.junit.platform.engine.support.hierarchical.NodeTestTask.executeRecursively(NodeTestTask.java:126)
	at org.junit.platform.engine.support.hierarchical.NodeTestTask.execute(NodeTestTask.java:84)
	at org.junit.platform.engine.support.hierarchical.SameThreadHierarchicalTestExecutorService.submit(SameThreadHierarchicalTestExecutorService.java:32)
	at org.junit.platform.engine.support.hierarchical.HierarchicalTestExecutor.execute(HierarchicalTestExecutor.java:57)
	at org.junit.platform.engine.support.hierarchical.HierarchicalTestEngine.execute(HierarchicalTestEngine.java:51)
	at org.junit.platform.launcher.core.DefaultLauncher.execute(DefaultLauncher.java:220)
	at org.junit.platform.launcher.core.DefaultLauncher.lambda$execute$6(DefaultLauncher.java:188)
	at org.junit.platform.launcher.core.DefaultLauncher.withInterceptedStreams(DefaultLauncher.java:202)
	at org.junit.platform.launcher.core.DefaultLauncher.execute(DefaultLauncher.java:181)
	at org.junit.platform.launcher.core.DefaultLauncher.execute(DefaultLauncher.java:128)
	at org.apache.maven.surefire.junitplatform.JUnitPlatformProvider.invokeAllTests(JUnitPlatformProvider.java:142)
	at org.apache.maven.surefire.junitplatform.JUnitPlatformProvider.invoke(JUnitPlatformProvider.java:117)
	at org.apache.maven.surefire.booter.ForkedBooter.invokeProviderInSameClassLoader(ForkedBooter.java:384)
	at org.apache.maven.surefire.booter.ForkedBooter.runSuitesInProcess(ForkedBooter.java:345)
	at org.apache.maven.surefire.booter.ForkedBooter.execute(ForkedBooter.java:126)
	at org.apache.maven.surefire.booter.ForkedBooter.main(ForkedBooter.java:418)
"
	at org.assertj.examples.AssumptionExamples.assumeThatCode_assumption_not_met_example(AssumptionExamples.java:98)
Caused by: java.lang.AssertionError: 

Expecting code not to raise a throwable but caught
  "java.lang.IndexOutOfBoundsException: Index 1000 out of bounds for length 9
	at java.base/jdk.internal.util.Preconditions.outOfBounds(Preconditions.java:64)
	at java.base/jdk.internal.util.Preconditions.outOfBoundsCheckIndex(Preconditions.java:70)
	at java.base/jdk.internal.util.Preconditions.checkIndex(Preconditions.java:248)
	at java.base/java.util.Objects.checkIndex(Objects.java:372)
	at java.base/java.util.ArrayList.get(ArrayList.java:459)
	at org.assertj.examples.AssumptionExamples.lambda$assumeThatCode_assumption_not_met_example$0(AssumptionExamples.java:98)
	at org.assertj.core.api.ThrowableAssert.catchThrowable(ThrowableAssert.java:62)
	at org.assertj.core.api.AssertionsForClassTypes.catchThrowable(AssertionsForClassTypes.java:877)
	at org.assertj.core.api.Assertions.catchThrowable(Assertions.java:1306)
	at org.assertj.core.api.Assumptions.assumeThatCode(Assumptions.java:952)
	at org.assertj.examples.AssumptionExamples.assumeThatCode_assumption_not_met_example(AssumptionExamples.java:98)
	at java.base/jdk.internal.reflect.NativeMethodAccessorImpl.invoke0(Native Method)
	at java.base/jdk.internal.reflect.NativeMethodAccessorImpl.invoke(NativeMethodAccessorImpl.java:62)
	at java.base/jdk.internal.reflect.DelegatingMethodAccessorImpl.invoke(DelegatingMethodAccessorImpl.java:43)
	at java.base/java.lang.reflect.Method.invoke(Method.java:566)
	at org.junit.platform.commons.util.ReflectionUtils.invokeMethod(ReflectionUtils.java:688)
	at org.junit.jupiter.engine.execution.MethodInvocation.proceed(MethodInvocation.java:60)
	at org.junit.jupiter.engine.execution.InvocationInterceptorChain$ValidatingInvocation.proceed(InvocationInterceptorChain.java:131)
	at org.junit.jupiter.engine.extension.TimeoutExtension.intercept(TimeoutExtension.java:149)
	at org.junit.jupiter.engine.extension.TimeoutExtension.interceptTestableMethod(TimeoutExtension.java:140)
	at org.junit.jupiter.engine.extension.TimeoutExtension.interceptTestMethod(TimeoutExtension.java:84)
	at org.junit.jupiter.engine.execution.ExecutableInvoker$ReflectiveInterceptorCall.lambda$ofVoidMethod$0(ExecutableInvoker.java:115)
	at org.junit.jupiter.engine.execution.ExecutableInvoker.lambda$invoke$0(ExecutableInvoker.java:105)
	at org.junit.jupiter.engine.execution.InvocationInterceptorChain$InterceptedInvocation.proceed(InvocationInterceptorChain.java:106)
	at org.junit.jupiter.engine.execution.InvocationInterceptorChain.proceed(InvocationInterceptorChain.java:64)
	at org.junit.jupiter.engine.execution.InvocationInterceptorChain.chainAndInvoke(InvocationInterceptorChain.java:45)
	at org.junit.jupiter.engine.execution.InvocationInterceptorChain.invoke(InvocationInterceptorChain.java:37)
	at org.junit.jupiter.engine.execution.ExecutableInvoker.invoke(ExecutableInvoker.java:104)
	at org.junit.jupiter.engine.execution.ExecutableInvoker.invoke(ExecutableInvoker.java:98)
	at org.junit.jupiter.engine.descriptor.TestMethodTestDescriptor.lambda$invokeTestMethod$6(TestMethodTestDescriptor.java:210)
	at org.junit.platform.engine.support.hierarchical.ThrowableCollector.execute(ThrowableCollector.java:73)
	at org.junit.jupiter.engine.descriptor.TestMethodTestDescriptor.invokeTestMethod(TestMethodTestDescriptor.java:206)
	at org.junit.jupiter.engine.descriptor.TestMethodTestDescriptor.execute(TestMethodTestDescriptor.java:131)
	at org.junit.jupiter.engine.descriptor.TestMethodTestDescriptor.execute(TestMethodTestDescriptor.java:65)
	at org.junit.platform.engine.support.hierarchical.NodeTestTask.lambda$executeRecursively$5(NodeTestTask.java:139)
	at org.junit.platform.engine.support.hierarchical.ThrowableCollector.execute(ThrowableCollector.java:73)
	at org.junit.platform.engine.support.hierarchical.NodeTestTask.lambda$executeRecursively$7(NodeTestTask.java:129)
	at org.junit.platform.engine.support.hierarchical.Node.around(Node.java:137)
	at org.junit.platform.engine.support.hierarchical.NodeTestTask.lambda$executeRecursively$8(NodeTestTask.java:127)
	at org.junit.platform.engine.support.hierarchical.ThrowableCollector.execute(ThrowableCollector.java:73)
	at org.junit.platform.engine.support.hierarchical.NodeTestTask.executeRecursively(NodeTestTask.java:126)
	at org.junit.platform.engine.support.hierarchical.NodeTestTask.execute(NodeTestTask.java:84)
	at java.base/java.util.ArrayList.forEach(ArrayList.java:1541)
	at org.junit.platform.engine.support.hierarchical.SameThreadHierarchicalTestExecutorService.invokeAll(SameThreadHierarchicalTestExecutorService.java:38)
	at org.junit.platform.engine.support.hierarchical.NodeTestTask.lambda$executeRecursively$5(NodeTestTask.java:143)
	at org.junit.platform.engine.support.hierarchical.ThrowableCollector.execute(ThrowableCollector.java:73)
	at org.junit.platform.engine.support.hierarchical.NodeTestTask.lambda$executeRecursively$7(NodeTestTask.java:129)
	at org.junit.platform.engine.support.hierarchical.Node.around(Node.java:137)
	at org.junit.platform.engine.support.hierarchical.NodeTestTask.lambda$executeRecursively$8(NodeTestTask.java:127)
	at org.junit.platform.engine.support.hierarchical.ThrowableCollector.execute(ThrowableCollector.java:73)
	at org.junit.platform.engine.support.hierarchical.NodeTestTask.executeRecursively(NodeTestTask.java:126)
	at org.junit.platform.engine.support.hierarchical.NodeTestTask.execute(NodeTestTask.java:84)
	at java.base/java.util.ArrayList.forEach(ArrayList.java:1541)
	at org.junit.platform.engine.support.hierarchical.SameThreadHierarchicalTestExecutorService.invokeAll(SameThreadHierarchicalTestExecutorService.java:38)
	at org.junit.platform.engine.support.hierarchical.NodeTestTask.lambda$executeRecursively$5(NodeTestTask.java:143)
	at org.junit.platform.engine.support.hierarchical.ThrowableCollector.execute(ThrowableCollector.java:73)
	at org.junit.platform.engine.support.hierarchical.NodeTestTask.lambda$executeRecursively$7(NodeTestTask.java:129)
	at org.junit.platform.engine.support.hierarchical.Node.around(Node.java:137)
	at org.junit.platform.engine.support.hierarchical.NodeTestTask.lambda$executeRecursively$8(NodeTestTask.java:127)
	at org.junit.platform.engine.support.hierarchical.ThrowableCollector.execute(ThrowableCollector.java:73)
	at org.junit.platform.engine.support.hierarchical.NodeTestTask.executeRecursively(NodeTestTask.java:126)
	at org.junit.platform.engine.support.hierarchical.NodeTestTask.execute(NodeTestTask.java:84)
	at org.junit.platform.engine.support.hierarchical.SameThreadHierarchicalTestExecutorService.submit(SameThreadHierarchicalTestExecutorService.java:32)
	at org.junit.platform.engine.support.hierarchical.HierarchicalTestExecutor.execute(HierarchicalTestExecutor.java:57)
	at org.junit.platform.engine.support.hierarchical.HierarchicalTestEngine.execute(HierarchicalTestEngine.java:51)
	at org.junit.platform.launcher.core.DefaultLauncher.execute(DefaultLauncher.java:220)
	at org.junit.platform.launcher.core.DefaultLauncher.lambda$execute$6(DefaultLauncher.java:188)
	at org.junit.platform.launcher.core.DefaultLauncher.withInterceptedStreams(DefaultLauncher.java:202)
	at org.junit.platform.launcher.core.DefaultLauncher.execute(DefaultLauncher.java:181)
	at org.junit.platform.launcher.core.DefaultLauncher.execute(DefaultLauncher.java:128)
	at org.apache.maven.surefire.junitplatform.JUnitPlatformProvider.invokeAllTests(JUnitPlatformProvider.java:142)
	at org.apache.maven.surefire.junitplatform.JUnitPlatformProvider.invoke(JUnitPlatformProvider.java:117)
	at org.apache.maven.surefire.booter.ForkedBooter.invokeProviderInSameClassLoader(ForkedBooter.java:384)
	at org.apache.maven.surefire.booter.ForkedBooter.runSuitesInProcess(ForkedBooter.java:345)
	at org.apache.maven.surefire.booter.ForkedBooter.execute(ForkedBooter.java:126)
	at org.apache.maven.surefire.booter.ForkedBooter.main(ForkedBooter.java:418)
"
	at org.assertj.examples.AssumptionExamples.assumeThatCode_assumption_not_met_example(AssumptionExamples.java:98)
</skipped>
  </testcase>
  <testcase name="when_string_comparable_assumption_is_not_met_the_test_should_be_ignored" classname="org.assertj.examples.AssumptionExamples" time="0">
    <skipped message="assumption was not met due to: &#10;Expecting:&#10;  &quot;Frodo&quot;&#10;to be greater than:&#10;  &quot;Gandalf&quot;&#10;" type="org.junit.AssumptionViolatedException">org.junit.AssumptionViolatedException: 
assumption was not met due to: 
Expecting:
  "Frodo"
to be greater than:
  "Gandalf"

	at org.assertj.examples.AssumptionExamples.when_string_comparable_assumption_is_not_met_the_test_should_be_ignored(AssumptionExamples.java:60)
Caused by: java.lang.AssertionError: 

Expecting:
  "Frodo"
to be greater than:
  "Gandalf"

	at org.assertj.examples.AssumptionExamples.when_string_comparable_assumption_is_not_met_the_test_should_be_ignored(AssumptionExamples.java:60)
</skipped>
  </testcase>
  <testcase name="given_assumption_is_not_met_the_test_should_be_ignored" classname="org.assertj.examples.AssumptionExamples" time="0">
    <skipped message="assumption was not met due to: &#10;expected: Race [name=Orc, immortal=false]&#10;but was : Race [name=Hobbit, immortal=false]" type="org.junit.AssumptionViolatedException">org.junit.AssumptionViolatedException: 
assumption was not met due to: 
expected: Race [name=Orc, immortal=false]
but was : Race [name=Hobbit, immortal=false]
	at org.assertj.examples.AssumptionExamples.given_assumption_is_not_met_the_test_should_be_ignored(AssumptionExamples.java:51)
Caused by: org.opentest4j.AssertionFailedError: 

expected: Race [name=Orc, immortal=false]
but was : Race [name=Hobbit, immortal=false]
	at org.assertj.examples.AssumptionExamples.given_assumption_is_not_met_the_test_should_be_ignored(AssumptionExamples.java:51)
</skipped>
  </testcase>
  <testcase name="assumptions_still_work_when_switching_the_object_under_test" classname="org.assertj.examples.AssumptionExamples" time="0">
    <skipped message="assumption was not met due to: &#10;Expecting ArrayList:&#10;  [&quot;Frodo&quot;, &quot;Sam&quot;, &quot;Merry&quot;, &quot;Pippin&quot;]&#10;to contain:&#10;  [&quot;Elrond&quot;]&#10;but could not find the following element(s):&#10;  [&quot;Elrond&quot;]&#10;" type="org.junit.AssumptionViolatedException">org.junit.AssumptionViolatedException: 
assumption was not met due to: 
Expecting ArrayList:
  ["Frodo", "Sam", "Merry", "Pippin"]
to contain:
  ["Elrond"]
but could not find the following element(s):
  ["Elrond"]

	at org.assertj.examples.AssumptionExamples.assumptions_still_work_when_switching_the_object_under_test(AssumptionExamples.java:132)
Caused by: java.lang.AssertionError: 

Expecting ArrayList:
  ["Frodo", "Sam", "Merry", "Pippin"]
to contain:
  ["Elrond"]
but could not find the following element(s):
  ["Elrond"]

	at org.assertj.examples.AssumptionExamples.assumptions_still_work_when_switching_the_object_under_test(AssumptionExamples.java:132)
</skipped>
  </testcase>
  <testcase name="when_assumption_is_met_the_test_should_be_run" classname="org.assertj.examples.AssumptionExamples" time="0"/>
</testsuite>