<?xml version="1.0" encoding="UTF-8"?>
<testsuite xmlns:xsi="http://www.w3.org/2001/XMLSchema-instance" xsi:noNamespaceSchemaLocation="https://maven.apache.org/surefire/maven-surefire-plugin/xsd/surefire-test-report.xsd" name="org.assertj.examples.StringAssertionsExamples" time="0.117" tests="15" errors="0" skipped="0" failures="0">
  <properties>
[...]
</properties>
  <testcase name="use_hexadecimal_representation_in_error_messages" classname="org.assertj.examples.StringAssertionsExamples" time="0.018"/>
  <testcase name="ignoring_whitespaces_equals_assertion" classname="org.assertj.examples.StringAssertionsExamples" time="0"/>
  <testcase name="normalizing_unicode_equals_assertion" classname="org.assertj.examples.StringAssertionsExamples" time="0"/>
  <testcase name="ignoring_newlines_equals_assertion" classname="org.assertj.examples.StringAssertionsExamples" time="0"/>
  <testcase name="use_unicode_representation_in_error_messages" classname="org.assertj.examples.StringAssertionsExamples" time="0.007"/>
  <testcase name="string_assertions_with_custom_comparison_examples" classname="org.assertj.examples.StringAssertionsExamples" time="0.014"/>
  <testcase name="normalizing_newlines_equals_assertion" classname="org.assertj.examples.StringAssertionsExamples" time="0"/>
  <testcase name="normalizing_whitespaces_equals_assertion" classname="org.assertj.examples.StringAssertionsExamples" time="0"/>
  <testcase name="multine_collection_formatting" classname="org.assertj.examples.StringAssertionsExamples" time="0.007"/>
  <testcase name="charSequence_subclasses_assertions_examples" classname="org.assertj.examples.StringAssertionsExamples" time="0"/>
  <testcase name="switch_to_String_assertion" classname="org.assertj.examples.StringAssertionsExamples" time="0"/>
  <testcase name="should_support_comparable_assertions" classname="org.assertj.examples.StringAssertionsExamples" time="0"/>
  <testcase name="pattern_assertion_example" classname="org.assertj.examples.StringAssertionsExamples" time="0"/>
  <testcase name="string_assertions_examples" classname="org.assertj.examples.StringAssertionsExamples" time="0.039"/>
  <testcase name="xml_assertions_examples" classname="org.assertj.examples.StringAssertionsExamples" time="0.029"/>
</testsuite>