<?xml version="1.0" encoding="UTF-8"?>
<testsuite xmlns:xsi="http://www.w3.org/2001/XMLSchema-instance" xsi:noNamespaceSchemaLocation="https://maven.apache.org/surefire/maven-surefire-plugin/xsd/surefire-test-report.xsd" name="org.assertj.examples.AssumptionExamples" time="1.362" tests="10" errors="0" skipped="7" failures="0">
  <properties>
    <property name="sun.desktop" value="windows"/>
    <property name="awt.toolkit" value="sun.awt.windows.WToolkit"/>
    <property name="java.specification.version" value="11"/>
    <property name="sun.cpu.isalist" value="amd64"/>
    <property name="sun.jnu.encoding" value="Cp1250"/>
    <property name="java.class.path" value="C:\szkolenieJava\rest-assured-examples\target\test-classes;C:\szkolenieJava\rest-assured-examples\target\classes;C:\Users\mzabek\.m2\repository\io\rest-assured\rest-assured-all\4.3.3\rest-assured-all-4.3.3.jar;C:\Users\mzabek\.m2\repository\org\codehaus\groovy\groovy\3.0.7\groovy-3.0.7.jar;C:\Users\mzabek\.m2\repository\org\codehaus\groovy\groovy-xml\3.0.7\groovy-xml-3.0.7.jar;C:\Users\mzabek\.m2\repository\org\ccil\cowan\tagsoup\tagsoup\1.2.1\tagsoup-1.2.1.jar;C:\Users\mzabek\.m2\repository\jakarta\xml\bind\jakarta.xml.bind-api\2.3.3\jakarta.xml.bind-api-2.3.3.jar;C:\Users\mzabek\.m2\repository\jakarta\activation\jakarta.activation-api\1.2.2\jakarta.activation-api-1.2.2.jar;C:\Users\mzabek\.m2\repository\com\sun\xml\bind\jaxb-impl\2.3.3\jaxb-impl-2.3.3.jar;C:\Users\mzabek\.m2\repository\org\codehaus\groovy\groovy-json\3.0.7\groovy-json-3.0.7.jar;C:\Users\mzabek\.m2\repository\io\rest-assured\rest-assured\4.3.3\rest-assured-4.3.3.jar;C:\Users\mzabek\.m2\repository\org\apache\httpcomponents\httpclient\4.5.3\httpclient-4.5.3.jar;C:\Users\mzabek\.m2\repository\org\apache\httpcomponents\httpcore\4.4.6\httpcore-4.4.6.jar;C:\Users\mzabek\.m2\repository\commons-logging\commons-logging\1.2\commons-logging-1.2.jar;C:\Users\mzabek\.m2\repository\commons-codec\commons-codec\1.9\commons-codec-1.9.jar;C:\Users\mzabek\.m2\repository\org\apache\httpcomponents\httpmime\4.5.3\httpmime-4.5.3.jar;C:\Users\mzabek\.m2\repository\io\rest-assured\json-path\4.3.3\json-path-4.3.3.jar;C:\Users\mzabek\.m2\repository\io\rest-assured\rest-assured-common\4.3.3\rest-assured-common-4.3.3.jar;C:\Users\mzabek\.m2\repository\io\rest-assured\xml-path\4.3.3\xml-path-4.3.3.jar;C:\Users\mzabek\.m2\repository\org\hamcrest\hamcrest\2.2\hamcrest-2.2.jar;C:\Users\mzabek\.m2\repository\org\junit\jupiter\junit-jupiter-engine\5.7.1\junit-jupiter-engine-5.7.1.jar;C:\Users\mzabek\.m2\repository\org\apiguardian\apiguardian-api\1.1.0\apiguardian-api-1.1.0.jar;C:\Users\mzabek\.m2\repository\org\junit\platform\junit-platform-engine\1.7.0\junit-platform-engine-1.7.0.jar;C:\Users\mzabek\.m2\repository\org\junit\jupiter\junit-jupiter-api\5.7.1\junit-jupiter-api-5.7.1.jar;C:\Users\mzabek\.m2\repository\org\opentest4j\opentest4j\1.2.0\opentest4j-1.2.0.jar;C:\Users\mzabek\.m2\repository\org\junit\platform\junit-platform-commons\1.7.0\junit-platform-commons-1.7.0.jar;C:\Users\mzabek\.m2\repository\joda-time\joda-time\2.10.10\joda-time-2.10.10.jar;C:\Users\mzabek\.m2\repository\org\assertj\assertj-core\3.19.0\assertj-core-3.19.0.jar;C:\Users\mzabek\.m2\repository\com\github\javafaker\javafaker\1.0.2\javafaker-1.0.2.jar;C:\Users\mzabek\.m2\repository\org\yaml\snakeyaml\1.23\snakeyaml-1.23-android.jar;C:\Users\mzabek\.m2\repository\com\github\mifmif\generex\1.0.2\generex-1.0.2.jar;C:\Users\mzabek\.m2\repository\dk\brics\automaton\automaton\1.11-8\automaton-1.11-8.jar;C:\Users\mzabek\.m2\repository\ch\qos\logback\logback-classic\1.2.3\logback-classic-1.2.3.jar;C:\Users\mzabek\.m2\repository\ch\qos\logback\logback-core\1.2.3\logback-core-1.2.3.jar;C:\Users\mzabek\.m2\repository\org\slf4j\slf4j-api\1.7.25\slf4j-api-1.7.25.jar;C:\Users\mzabek\.m2\repository\org\projectlombok\lombok\1.18.20\lombok-1.18.20.jar;C:\Users\mzabek\.m2\repository\com\google\guava\guava\30.1.1-jre\guava-30.1.1-jre.jar;C:\Users\mzabek\.m2\repository\com\google\guava\failureaccess\1.0.1\failureaccess-1.0.1.jar;C:\Users\mzabek\.m2\repository\com\google\guava\listenablefuture\9999.0-empty-to-avoid-conflict-with-guava\listenablefuture-9999.0-empty-to-avoid-conflict-with-guava.jar;C:\Users\mzabek\.m2\repository\com\google\code\findbugs\jsr305\3.0.2\jsr305-3.0.2.jar;C:\Users\mzabek\.m2\repository\org\checkerframework\checker-qual\3.8.0\checker-qual-3.8.0.jar;C:\Users\mzabek\.m2\repository\com\google\errorprone\error_prone_annotations\2.5.1\error_prone_annotations-2.5.1.jar;C:\Users\mzabek\.m2\repository\com\google\j2objc\j2objc-annotations\1.3\j2objc-annotations-1.3.jar;C:\Users\mzabek\.m2\repository\org\json\json\20210307\json-20210307.jar;C:\Users\mzabek\.m2\repository\com\google\code\gson\gson\2.8.6\gson-2.8.6.jar;C:\Users\mzabek\.m2\repository\org\junit\jupiter\junit-jupiter-params\5.7.1\junit-jupiter-params-5.7.1.jar;C:\Users\mzabek\.m2\repository\org\junit\jupiter\junit-jupiter\5.7.0\junit-jupiter-5.7.0.jar;C:\Users\mzabek\.m2\repository\org\assertj\assertj-joda-time\2.2.0\assertj-joda-time-2.2.0.jar;C:\Users\mzabek\.m2\repository\org\assertj\assertj-guava\3.3.0\assertj-guava-3.3.0.jar;C:\Users\mzabek\.m2\repository\org\assertj\assertj-neo4j\2.0.1\assertj-neo4j-2.0.1.jar;C:\Users\mzabek\.m2\repository\com\google\truth\truth\1.1\truth-1.1.jar;C:\Users\mzabek\.m2\repository\com\google\auto\value\auto-value-annotations\1.7.4\auto-value-annotations-1.7.4.jar;C:\Users\mzabek\.m2\repository\org\ow2\asm\asm\9.0\asm-9.0.jar;C:\Users\mzabek\.m2\repository\org\assertj\assertj-db\1.1.1\assertj-db-1.1.1.jar;C:\Users\mzabek\.m2\repository\org\neo4j\neo4j-kernel\3.0.0\neo4j-kernel-3.0.0-tests.jar;C:\Users\mzabek\.m2\repository\org\neo4j\neo4j-graphdb-api\3.0.0\neo4j-graphdb-api-3.0.0.jar;C:\Users\mzabek\.m2\repository\org\neo4j\neo4j-resource\3.0.0\neo4j-resource-3.0.0.jar;C:\Users\mzabek\.m2\repository\org\neo4j\neo4j-common\3.0.0\neo4j-common-3.0.0.jar;C:\Users\mzabek\.m2\repository\org\neo4j\neo4j-collections\3.0.0\neo4j-collections-3.0.0.jar;C:\Users\mzabek\.m2\repository\org\neo4j\neo4j-primitive-collections\3.0.0\neo4j-primitive-collections-3.0.0.jar;C:\Users\mzabek\.m2\repository\org\neo4j\neo4j-io\3.0.0\neo4j-io-3.0.0.jar;C:\Users\mzabek\.m2\repository\org\neo4j\neo4j-csv\3.0.0\neo4j-csv-3.0.0.jar;C:\Users\mzabek\.m2\repository\org\neo4j\neo4j-logging\3.0.0\neo4j-logging-3.0.0.jar;C:\Users\mzabek\.m2\repository\org\neo4j\neo4j-security\3.0.0\neo4j-security-3.0.0.jar;C:\Users\mzabek\.m2\repository\org\neo4j\neo4j-lucene-upgrade\3.0.0\neo4j-lucene-upgrade-3.0.0.jar;C:\Users\mzabek\.m2\repository\org\apache\lucene\lucene-core\5.5.0\lucene-core-5.5.0.jar;C:\Users\mzabek\.m2\repository\org\apache\lucene\lucene-backward-codecs\5.5.0\lucene-backward-codecs-5.5.0.jar;C:\Users\mzabek\.m2\repository\org\neo4j\neo4j-io\3.0.0\neo4j-io-3.0.0-tests.jar;C:\Users\mzabek\.m2\repository\org\neo4j\neo4j-unsafe\3.0.0\neo4j-unsafe-3.0.0.jar;C:\Users\mzabek\.m2\repository\org\neo4j\neo4j\3.0.0\neo4j-3.0.0.jar;C:\Users\mzabek\.m2\repository\org\neo4j\neo4j-kernel\3.0.0\neo4j-kernel-3.0.0.jar;C:\Users\mzabek\.m2\repository\org\neo4j\neo4j-lucene-index\3.0.0\neo4j-lucene-index-3.0.0.jar;C:\Users\mzabek\.m2\repository\org\apache\lucene\lucene-analyzers-common\5.5.0\lucene-analyzers-common-5.5.0.jar;C:\Users\mzabek\.m2\repository\org\apache\lucene\lucene-queryparser\5.5.0\lucene-queryparser-5.5.0.jar;C:\Users\mzabek\.m2\repository\org\apache\lucene\lucene-codecs\5.5.0\lucene-codecs-5.5.0.jar;C:\Users\mzabek\.m2\repository\org\neo4j\neo4j-graph-algo\3.0.0\neo4j-graph-algo-3.0.0.jar;C:\Users\mzabek\.m2\repository\org\neo4j\neo4j-udc\3.0.0\neo4j-udc-3.0.0.jar;C:\Users\mzabek\.m2\repository\org\neo4j\neo4j-graph-matching\3.0.0\neo4j-graph-matching-3.0.0.jar;C:\Users\mzabek\.m2\repository\org\neo4j\neo4j-cypher\3.0.0\neo4j-cypher-3.0.0.jar;C:\Users\mzabek\.m2\repository\org\scala-lang\scala-library\2.11.8\scala-library-2.11.8.jar;C:\Users\mzabek\.m2\repository\org\scala-lang\scala-reflect\2.11.8\scala-reflect-2.11.8.jar;C:\Users\mzabek\.m2\repository\org\neo4j\neo4j-codegen\3.0.0\neo4j-codegen-3.0.0.jar;C:\Users\mzabek\.m2\repository\org\neo4j\neo4j-cypher-compiler-2.3\2.3.3\neo4j-cypher-compiler-2.3-2.3.3.jar;C:\Users\mzabek\.m2\repository\org\neo4j\neo4j-cypher-frontend-2.3\2.3.3\neo4j-cypher-frontend-2.3-2.3.3.jar;C:\Users\mzabek\.m2\repository\org\neo4j\neo4j-cypher-compiler-3.0\3.0.0\neo4j-cypher-compiler-3.0-3.0.0.jar;C:\Users\mzabek\.m2\repository\org\neo4j\neo4j-cypher-frontend-3.0\3.0.0\neo4j-cypher-frontend-3.0-3.0.0.jar;C:\Users\mzabek\.m2\repository\org\parboiled\parboiled-scala_2.11\1.1.7\parboiled-scala_2.11-1.1.7.jar;C:\Users\mzabek\.m2\repository\org\parboiled\parboiled-core\1.1.7\parboiled-core-1.1.7.jar;C:\Users\mzabek\.m2\repository\net\sf\opencsv\opencsv\2.3\opencsv-2.3.jar;C:\Users\mzabek\.m2\repository\com\googlecode\concurrentlinkedhashmap\concurrentlinkedhashmap-lru\1.4.2\concurrentlinkedhashmap-lru-1.4.2.jar;C:\Users\mzabek\.m2\repository\org\neo4j\neo4j-jmx\3.0.0\neo4j-jmx-3.0.0.jar;C:\Users\mzabek\.m2\repository\org\neo4j\neo4j-consistency-check\3.0.0\neo4j-consistency-check-3.0.0.jar;C:\Users\mzabek\.m2\repository\net\javacrumbs\json-unit\json-unit-assertj\2.22.0\json-unit-assertj-2.22.0.jar;C:\Users\mzabek\.m2\repository\net\javacrumbs\json-unit\json-unit-core\2.22.0\json-unit-core-2.22.0.jar;C:\Users\mzabek\.m2\repository\net\javacrumbs\json-unit\json-unit-json-path\2.22.0\json-unit-json-path-2.22.0.jar;C:\Users\mzabek\.m2\repository\com\jayway\jsonpath\json-path\2.4.0\json-path-2.4.0.jar;C:\Users\mzabek\.m2\repository\net\minidev\json-smart\2.3\json-smart-2.3.jar;C:\Users\mzabek\.m2\repository\net\minidev\accessors-smart\1.2\accessors-smart-1.2.jar;C:\Users\mzabek\.m2\repository\junit\junit\4.13.1\junit-4.13.1.jar;C:\Users\mzabek\.m2\repository\org\hamcrest\hamcrest-core\1.3\hamcrest-core-1.3.jar;C:\Users\mzabek\.m2\repository\javax\annotation\jsr250-api\1.0\jsr250-api-1.0.jar;C:\Users\mzabek\.m2\repository\org\mockito\mockito-core\2.18.3\mockito-core-2.18.3.jar;C:\Users\mzabek\.m2\repository\net\bytebuddy\byte-buddy\1.8.5\byte-buddy-1.8.5.jar;C:\Users\mzabek\.m2\repository\net\bytebuddy\byte-buddy-agent\1.8.5\byte-buddy-agent-1.8.5.jar;C:\Users\mzabek\.m2\repository\org\objenesis\objenesis\2.6\objenesis-2.6.jar;C:\Users\mzabek\.m2\repository\org\apache\commons\commons-lang3\3.7\commons-lang3-3.7.jar;C:\Users\mzabek\.m2\repository\com\h2database\h2\1.4.197\h2-1.4.197.jar;"/>
    <property name="java.vm.vendor" value="Oracle Corporation"/>
    <property name="sun.arch.data.model" value="64"/>
    <property name="user.variant" value=""/>
    <property name="java.vendor.url" value="https://openjdk.java.net/"/>
    <property name="user.timezone" value="Europe/Belgrade"/>
    <property name="java.vm.specification.version" value="11"/>
    <property name="os.name" value="Windows 10"/>
    <property name="sun.java.launcher" value="SUN_STANDARD"/>
    <property name="user.country" value="PL"/>
    <property name="sun.boot.library.path" value="C:\Program Files\Java\jdk-11.0.10\bin"/>
    <property name="sun.java.command" value="C:\Users\mzabek\AppData\Local\Temp\surefire12784329854556082186\surefirebooter18401467286924506244.jar C:\Users\mzabek\AppData\Local\Temp\surefire12784329854556082186 2021-05-08T12-34-54_385-jvmRun1 surefire10710819652642091876tmp surefire_04225539647741245792tmp"/>
    <property name="jdk.debug" value="release"/>
    <property name="surefire.test.class.path" value="C:\szkolenieJava\rest-assured-examples\target\test-classes;C:\szkolenieJava\rest-assured-examples\target\classes;C:\Users\mzabek\.m2\repository\io\rest-assured\rest-assured-all\4.3.3\rest-assured-all-4.3.3.jar;C:\Users\mzabek\.m2\repository\org\codehaus\groovy\groovy\3.0.7\groovy-3.0.7.jar;C:\Users\mzabek\.m2\repository\org\codehaus\groovy\groovy-xml\3.0.7\groovy-xml-3.0.7.jar;C:\Users\mzabek\.m2\repository\org\ccil\cowan\tagsoup\tagsoup\1.2.1\tagsoup-1.2.1.jar;C:\Users\mzabek\.m2\repository\jakarta\xml\bind\jakarta.xml.bind-api\2.3.3\jakarta.xml.bind-api-2.3.3.jar;C:\Users\mzabek\.m2\repository\jakarta\activation\jakarta.activation-api\1.2.2\jakarta.activation-api-1.2.2.jar;C:\Users\mzabek\.m2\repository\com\sun\xml\bind\jaxb-impl\2.3.3\jaxb-impl-2.3.3.jar;C:\Users\mzabek\.m2\repository\org\codehaus\groovy\groovy-json\3.0.7\groovy-json-3.0.7.jar;C:\Users\mzabek\.m2\repository\io\rest-assured\rest-assured\4.3.3\rest-assured-4.3.3.jar;C:\Users\mzabek\.m2\repository\org\apache\httpcomponents\httpclient\4.5.3\httpclient-4.5.3.jar;C:\Users\mzabek\.m2\repository\org\apache\httpcomponents\httpcore\4.4.6\httpcore-4.4.6.jar;C:\Users\mzabek\.m2\repository\commons-logging\commons-logging\1.2\commons-logging-1.2.jar;C:\Users\mzabek\.m2\repository\commons-codec\commons-codec\1.9\commons-codec-1.9.jar;C:\Users\mzabek\.m2\repository\org\apache\httpcomponents\httpmime\4.5.3\httpmime-4.5.3.jar;C:\Users\mzabek\.m2\repository\io\rest-assured\json-path\4.3.3\json-path-4.3.3.jar;C:\Users\mzabek\.m2\repository\io\rest-assured\rest-assured-common\4.3.3\rest-assured-common-4.3.3.jar;C:\Users\mzabek\.m2\repository\io\rest-assured\xml-path\4.3.3\xml-path-4.3.3.jar;C:\Users\mzabek\.m2\repository\org\hamcrest\hamcrest\2.2\hamcrest-2.2.jar;C:\Users\mzabek\.m2\repository\org\junit\jupiter\junit-jupiter-engine\5.7.1\junit-jupiter-engine-5.7.1.jar;C:\Users\mzabek\.m2\repository\org\apiguardian\apiguardian-api\1.1.0\apiguardian-api-1.1.0.jar;C:\Users\mzabek\.m2\repository\org\junit\platform\junit-platform-engine\1.7.0\junit-platform-engine-1.7.0.jar;C:\Users\mzabek\.m2\repository\org\junit\jupiter\junit-jupiter-api\5.7.1\junit-jupiter-api-5.7.1.jar;C:\Users\mzabek\.m2\repository\org\opentest4j\opentest4j\1.2.0\opentest4j-1.2.0.jar;C:\Users\mzabek\.m2\repository\org\junit\platform\junit-platform-commons\1.7.0\junit-platform-commons-1.7.0.jar;C:\Users\mzabek\.m2\repository\joda-time\joda-time\2.10.10\joda-time-2.10.10.jar;C:\Users\mzabek\.m2\repository\org\assertj\assertj-core\3.19.0\assertj-core-3.19.0.jar;C:\Users\mzabek\.m2\repository\com\github\javafaker\javafaker\1.0.2\javafaker-1.0.2.jar;C:\Users\mzabek\.m2\repository\org\yaml\snakeyaml\1.23\snakeyaml-1.23-android.jar;C:\Users\mzabek\.m2\repository\com\github\mifmif\generex\1.0.2\generex-1.0.2.jar;C:\Users\mzabek\.m2\repository\dk\brics\automaton\automaton\1.11-8\automaton-1.11-8.jar;C:\Users\mzabek\.m2\repository\ch\qos\logback\logback-classic\1.2.3\logback-classic-1.2.3.jar;C:\Users\mzabek\.m2\repository\ch\qos\logback\logback-core\1.2.3\logback-core-1.2.3.jar;C:\Users\mzabek\.m2\repository\org\slf4j\slf4j-api\1.7.25\slf4j-api-1.7.25.jar;C:\Users\mzabek\.m2\repository\org\projectlombok\lombok\1.18.20\lombok-1.18.20.jar;C:\Users\mzabek\.m2\repository\com\google\guava\guava\30.1.1-jre\guava-30.1.1-jre.jar;C:\Users\mzabek\.m2\repository\com\google\guava\failureaccess\1.0.1\failureaccess-1.0.1.jar;C:\Users\mzabek\.m2\repository\com\google\guava\listenablefuture\9999.0-empty-to-avoid-conflict-with-guava\listenablefuture-9999.0-empty-to-avoid-conflict-with-guava.jar;C:\Users\mzabek\.m2\repository\com\google\code\findbugs\jsr305\3.0.2\jsr305-3.0.2.jar;C:\Users\mzabek\.m2\repository\org\checkerframework\checker-qual\3.8.0\checker-qual-3.8.0.jar;C:\Users\mzabek\.m2\repository\com\google\errorprone\error_prone_annotations\2.5.1\error_prone_annotations-2.5.1.jar;C:\Users\mzabek\.m2\repository\com\google\j2objc\j2objc-annotations\1.3\j2objc-annotations-1.3.jar;C:\Users\mzabek\.m2\repository\org\json\json\20210307\json-20210307.jar;C:\Users\mzabek\.m2\repository\com\google\code\gson\gson\2.8.6\gson-2.8.6.jar;C:\Users\mzabek\.m2\repository\org\junit\jupiter\junit-jupiter-params\5.7.1\junit-jupiter-params-5.7.1.jar;C:\Users\mzabek\.m2\repository\org\junit\jupiter\junit-jupiter\5.7.0\junit-jupiter-5.7.0.jar;C:\Users\mzabek\.m2\repository\org\assertj\assertj-joda-time\2.2.0\assertj-joda-time-2.2.0.jar;C:\Users\mzabek\.m2\repository\org\assertj\assertj-guava\3.3.0\assertj-guava-3.3.0.jar;C:\Users\mzabek\.m2\repository\org\assertj\assertj-neo4j\2.0.1\assertj-neo4j-2.0.1.jar;C:\Users\mzabek\.m2\repository\com\google\truth\truth\1.1\truth-1.1.jar;C:\Users\mzabek\.m2\repository\com\google\auto\value\auto-value-annotations\1.7.4\auto-value-annotations-1.7.4.jar;C:\Users\mzabek\.m2\repository\org\ow2\asm\asm\9.0\asm-9.0.jar;C:\Users\mzabek\.m2\repository\org\assertj\assertj-db\1.1.1\assertj-db-1.1.1.jar;C:\Users\mzabek\.m2\repository\org\neo4j\neo4j-kernel\3.0.0\neo4j-kernel-3.0.0-tests.jar;C:\Users\mzabek\.m2\repository\org\neo4j\neo4j-graphdb-api\3.0.0\neo4j-graphdb-api-3.0.0.jar;C:\Users\mzabek\.m2\repository\org\neo4j\neo4j-resource\3.0.0\neo4j-resource-3.0.0.jar;C:\Users\mzabek\.m2\repository\org\neo4j\neo4j-common\3.0.0\neo4j-common-3.0.0.jar;C:\Users\mzabek\.m2\repository\org\neo4j\neo4j-collections\3.0.0\neo4j-collections-3.0.0.jar;C:\Users\mzabek\.m2\repository\org\neo4j\neo4j-primitive-collections\3.0.0\neo4j-primitive-collections-3.0.0.jar;C:\Users\mzabek\.m2\repository\org\neo4j\neo4j-io\3.0.0\neo4j-io-3.0.0.jar;C:\Users\mzabek\.m2\repository\org\neo4j\neo4j-csv\3.0.0\neo4j-csv-3.0.0.jar;C:\Users\mzabek\.m2\repository\org\neo4j\neo4j-logging\3.0.0\neo4j-logging-3.0.0.jar;C:\Users\mzabek\.m2\repository\org\neo4j\neo4j-security\3.0.0\neo4j-security-3.0.0.jar;C:\Users\mzabek\.m2\repository\org\neo4j\neo4j-lucene-upgrade\3.0.0\neo4j-lucene-upgrade-3.0.0.jar;C:\Users\mzabek\.m2\repository\org\apache\lucene\lucene-core\5.5.0\lucene-core-5.5.0.jar;C:\Users\mzabek\.m2\repository\org\apache\lucene\lucene-backward-codecs\5.5.0\lucene-backward-codecs-5.5.0.jar;C:\Users\mzabek\.m2\repository\org\neo4j\neo4j-io\3.0.0\neo4j-io-3.0.0-tests.jar;C:\Users\mzabek\.m2\repository\org\neo4j\neo4j-unsafe\3.0.0\neo4j-unsafe-3.0.0.jar;C:\Users\mzabek\.m2\repository\org\neo4j\neo4j\3.0.0\neo4j-3.0.0.jar;C:\Users\mzabek\.m2\repository\org\neo4j\neo4j-kernel\3.0.0\neo4j-kernel-3.0.0.jar;C:\Users\mzabek\.m2\repository\org\neo4j\neo4j-lucene-index\3.0.0\neo4j-lucene-index-3.0.0.jar;C:\Users\mzabek\.m2\repository\org\apache\lucene\lucene-analyzers-common\5.5.0\lucene-analyzers-common-5.5.0.jar;C:\Users\mzabek\.m2\repository\org\apache\lucene\lucene-queryparser\5.5.0\lucene-queryparser-5.5.0.jar;C:\Users\mzabek\.m2\repository\org\apache\lucene\lucene-codecs\5.5.0\lucene-codecs-5.5.0.jar;C:\Users\mzabek\.m2\repository\org\neo4j\neo4j-graph-algo\3.0.0\neo4j-graph-algo-3.0.0.jar;C:\Users\mzabek\.m2\repository\org\neo4j\neo4j-udc\3.0.0\neo4j-udc-3.0.0.jar;C:\Users\mzabek\.m2\repository\org\neo4j\neo4j-graph-matching\3.0.0\neo4j-graph-matching-3.0.0.jar;C:\Users\mzabek\.m2\repository\org\neo4j\neo4j-cypher\3.0.0\neo4j-cypher-3.0.0.jar;C:\Users\mzabek\.m2\repository\org\scala-lang\scala-library\2.11.8\scala-library-2.11.8.jar;C:\Users\mzabek\.m2\repository\org\scala-lang\scala-reflect\2.11.8\scala-reflect-2.11.8.jar;C:\Users\mzabek\.m2\repository\org\neo4j\neo4j-codegen\3.0.0\neo4j-codegen-3.0.0.jar;C:\Users\mzabek\.m2\repository\org\neo4j\neo4j-cypher-compiler-2.3\2.3.3\neo4j-cypher-compiler-2.3-2.3.3.jar;C:\Users\mzabek\.m2\repository\org\neo4j\neo4j-cypher-frontend-2.3\2.3.3\neo4j-cypher-frontend-2.3-2.3.3.jar;C:\Users\mzabek\.m2\repository\org\neo4j\neo4j-cypher-compiler-3.0\3.0.0\neo4j-cypher-compiler-3.0-3.0.0.jar;C:\Users\mzabek\.m2\repository\org\neo4j\neo4j-cypher-frontend-3.0\3.0.0\neo4j-cypher-frontend-3.0-3.0.0.jar;C:\Users\mzabek\.m2\repository\org\parboiled\parboiled-scala_2.11\1.1.7\parboiled-scala_2.11-1.1.7.jar;C:\Users\mzabek\.m2\repository\org\parboiled\parboiled-core\1.1.7\parboiled-core-1.1.7.jar;C:\Users\mzabek\.m2\repository\net\sf\opencsv\opencsv\2.3\opencsv-2.3.jar;C:\Users\mzabek\.m2\repository\com\googlecode\concurrentlinkedhashmap\concurrentlinkedhashmap-lru\1.4.2\concurrentlinkedhashmap-lru-1.4.2.jar;C:\Users\mzabek\.m2\repository\org\neo4j\neo4j-jmx\3.0.0\neo4j-jmx-3.0.0.jar;C:\Users\mzabek\.m2\repository\org\neo4j\neo4j-consistency-check\3.0.0\neo4j-consistency-check-3.0.0.jar;C:\Users\mzabek\.m2\repository\net\javacrumbs\json-unit\json-unit-assertj\2.22.0\json-unit-assertj-2.22.0.jar;C:\Users\mzabek\.m2\repository\net\javacrumbs\json-unit\json-unit-core\2.22.0\json-unit-core-2.22.0.jar;C:\Users\mzabek\.m2\repository\net\javacrumbs\json-unit\json-unit-json-path\2.22.0\json-unit-json-path-2.22.0.jar;C:\Users\mzabek\.m2\repository\com\jayway\jsonpath\json-path\2.4.0\json-path-2.4.0.jar;C:\Users\mzabek\.m2\repository\net\minidev\json-smart\2.3\json-smart-2.3.jar;C:\Users\mzabek\.m2\repository\net\minidev\accessors-smart\1.2\accessors-smart-1.2.jar;C:\Users\mzabek\.m2\repository\junit\junit\4.13.1\junit-4.13.1.jar;C:\Users\mzabek\.m2\repository\org\hamcrest\hamcrest-core\1.3\hamcrest-core-1.3.jar;C:\Users\mzabek\.m2\repository\javax\annotation\jsr250-api\1.0\jsr250-api-1.0.jar;C:\Users\mzabek\.m2\repository\org\mockito\mockito-core\2.18.3\mockito-core-2.18.3.jar;C:\Users\mzabek\.m2\repository\net\bytebuddy\byte-buddy\1.8.5\byte-buddy-1.8.5.jar;C:\Users\mzabek\.m2\repository\net\bytebuddy\byte-buddy-agent\1.8.5\byte-buddy-agent-1.8.5.jar;C:\Users\mzabek\.m2\repository\org\objenesis\objenesis\2.6\objenesis-2.6.jar;C:\Users\mzabek\.m2\repository\org\apache\commons\commons-lang3\3.7\commons-lang3-3.7.jar;C:\Users\mzabek\.m2\repository\com\h2database\h2\1.4.197\h2-1.4.197.jar;"/>
    <property name="sun.cpu.endian" value="little"/>
    <property name="user.home" value="C:\Users\mzabek"/>
    <property name="user.language" value="pl"/>
    <property name="java.specification.vendor" value="Oracle Corporation"/>
    <property name="java.version.date" value="2021-01-19"/>
    <property name="java.home" value="C:\Program Files\Java\jdk-11.0.10"/>
    <property name="file.separator" value="\"/>
    <property name="basedir" value="C:\szkolenieJava\rest-assured-examples"/>
    <property name="java.vm.compressedOopsMode" value="32-bit"/>
    <property name="line.separator" value="&#10;"/>
    <property name="java.specification.name" value="Java Platform API Specification"/>
    <property name="java.vm.specification.vendor" value="Oracle Corporation"/>
    <property name="java.awt.graphicsenv" value="sun.awt.Win32GraphicsEnvironment"/>
    <property name="surefire.real.class.path" value="C:\Users\mzabek\AppData\Local\Temp\surefire12784329854556082186\surefirebooter18401467286924506244.jar"/>
    <property name="user.script" value=""/>
    <property name="sun.management.compiler" value="HotSpot 64-Bit Tiered Compilers"/>
    <property name="java.runtime.version" value="11.0.10+8-LTS-162"/>
    <property name="user.name" value="mzabek"/>
    <property name="path.separator" value=";"/>
    <property name="os.version" value="10.0"/>
    <property name="java.runtime.name" value="Java(TM) SE Runtime Environment"/>
    <property name="file.encoding" value="Cp1250"/>
    <property name="java.vm.name" value="Java HotSpot(TM) 64-Bit Server VM"/>
    <property name="java.vendor.version" value="18.9"/>
    <property name="localRepository" value="C:\Users\mzabek\.m2\repository"/>
    <property name="java.vendor.url.bug" value="https://bugreport.java.com/bugreport/"/>
    <property name="java.io.tmpdir" value="C:\Users\mzabek\AppData\Local\Temp\"/>
    <property name="java.version" value="11.0.10"/>
    <property name="user.dir" value="C:\szkolenieJava\rest-assured-examples"/>
    <property name="os.arch" value="amd64"/>
    <property name="java.vm.specification.name" value="Java Virtual Machine Specification"/>
    <property name="java.awt.printerjob" value="sun.awt.windows.WPrinterJob"/>
    <property name="sun.os.patch.level" value=""/>
    <property name="java.library.path" value="C:\Program Files\Java\jdk-11.0.10\bin;C:\WINDOWS\Sun\Java\bin;C:\WINDOWS\system32;C:\WINDOWS;C:\Program Files\Common Files\Oracle\Java\javapath;C:\Program Files (x86)\Common Files\Oracle\Java\javapath;C:\WINDOWS\system32;C:\WINDOWS;C:\WINDOWS\System32\Wbem;C:\WINDOWS\System32\WindowsPowerShell\v1.0\;C:\WINDOWS\System32\OpenSSH\;C:\Program Files\PuTTY\;C:\Program Files (x86)\Intel\Intel(R) Management Engine Components\DAL;C:\Program Files\Intel\Intel(R) Management Engine Components\DAL;C:\Program Files\Docker\Docker\resources\bin;C:\ProgramData\DockerDesktop\version-bin;C:\Maven\bin;C:\Program Files\EmEditor;C:\Windows\System32\geckodriver-v0.29.1-win64;C:\Users\mzabek\AppData\Local\Microsoft\WindowsApps;C:\Users\mzabek\AppData\Local\Programs\Git\cmd;C:\Users\mzabek\AppData\Local\GitHubDesktop\bin;."/>
    <property name="java.vendor" value="Oracle Corporation"/>
    <property name="java.vm.info" value="mixed mode"/>
    <property name="java.vm.version" value="11.0.10+8-LTS-162"/>
    <property name="sun.io.unicode.encoding" value="UnicodeLittle"/>
    <property name="java.class.version" value="55.0"/>
  </properties>
  <testcase name="assumeThatCode_assumption_met_example" classname="org.assertj.examples.AssumptionExamples" time="0.494"/>
  <testcase name="all_assumptions_must_be_met_otherwise_the_test_is_ignored" classname="org.assertj.examples.AssumptionExamples" time="0">
    <skipped message="assumption was not met due to: &#10;Expecting ArrayList:&#10;  [Race [name=Hobbit, immortal=false],&#10;    Race [name=Hobbit, immortal=false],&#10;    Race [name=Hobbit, immortal=false],&#10;    Race [name=Hobbit, immortal=false],&#10;    Race [name=Maia, immortal=true],&#10;    Race [name=Elf, immortal=true],&#10;    Race [name=Dwarf, immortal=false],&#10;    Race [name=Man, immortal=false],&#10;    Race [name=Man, immortal=false]]&#10;to contain:&#10;  [Race [name=Orc, immortal=false]]&#10;but could not find the following element(s):&#10;  [Race [name=Orc, immortal=false]]&#10;" type="org.junit.AssumptionViolatedException">org.junit.AssumptionViolatedException: 
assumption was not met due to: 
Expecting ArrayList:
  [Race [name=Hobbit, immortal=false],
    Race [name=Hobbit, immortal=false],
    Race [name=Hobbit, immortal=false],
    Race [name=Hobbit, immortal=false],
    Race [name=Maia, immortal=true],
    Race [name=Elf, immortal=true],
    Race [name=Dwarf, immortal=false],
    Race [name=Man, immortal=false],
    Race [name=Man, immortal=false]]
to contain:
  [Race [name=Orc, immortal=false]]
but could not find the following element(s):
  [Race [name=Orc, immortal=false]]

	at org.assertj.examples.AssumptionExamples.all_assumptions_must_be_met_otherwise_the_test_is_ignored(AssumptionExamples.java:117)
Caused by: java.lang.AssertionError: 

Expecting ArrayList:
  [Race [name=Hobbit, immortal=false],
    Race [name=Hobbit, immortal=false],
    Race [name=Hobbit, immortal=false],
    Race [name=Hobbit, immortal=false],
    Race [name=Maia, immortal=true],
    Race [name=Elf, immortal=true],
    Race [name=Dwarf, immortal=false],
    Race [name=Man, immortal=false],
    Race [name=Man, immortal=false]]
to contain:
  [Race [name=Orc, immortal=false]]
but could not find the following element(s):
  [Race [name=Orc, immortal=false]]

	at org.assertj.examples.AssumptionExamples.all_assumptions_must_be_met_otherwise_the_test_is_ignored(AssumptionExamples.java:117)
</skipped>
  </testcase>
  <testcase name="can_use_extracting_feature_in_assumptions" classname="org.assertj.examples.AssumptionExamples" time="0">
    <skipped message="assumption was not met due to: &#10;Expecting ArrayList:&#10;  [Race [name=Hobbit, immortal=false],&#10;    Race [name=Hobbit, immortal=false],&#10;    Race [name=Hobbit, immortal=false],&#10;    Race [name=Hobbit, immortal=false],&#10;    Race [name=Maia, immortal=true],&#10;    Race [name=Elf, immortal=true],&#10;    Race [name=Dwarf, immortal=false],&#10;    Race [name=Man, immortal=false],&#10;    Race [name=Man, immortal=false]]&#10;to contain:&#10;  [Race [name=Orc, immortal=false]]&#10;but could not find the following element(s):&#10;  [Race [name=Orc, immortal=false]]&#10;" type="org.junit.AssumptionViolatedException">org.junit.AssumptionViolatedException: 
assumption was not met due to: 
Expecting ArrayList:
  [Race [name=Hobbit, immortal=false],
    Race [name=Hobbit, immortal=false],
    Race [name=Hobbit, immortal=false],
    Race [name=Hobbit, immortal=false],
    Race [name=Maia, immortal=true],
    Race [name=Elf, immortal=true],
    Race [name=Dwarf, immortal=false],
    Race [name=Man, immortal=false],
    Race [name=Man, immortal=false]]
to contain:
  [Race [name=Orc, immortal=false]]
but could not find the following element(s):
  [Race [name=Orc, immortal=false]]

	at org.assertj.examples.AssumptionExamples.can_use_extracting_feature_in_assumptions(AssumptionExamples.java:89)
Caused by: java.lang.AssertionError: 

Expecting ArrayList:
  [Race [name=Hobbit, immortal=false],
    Race [name=Hobbit, immortal=false],
    Race [name=Hobbit, immortal=false],
    Race [name=Hobbit, immortal=false],
    Race [name=Maia, immortal=true],
    Race [name=Elf, immortal=true],
    Race [name=Dwarf, immortal=false],
    Race [name=Man, immortal=false],
    Race [name=Man, immortal=false]]
to contain:
  [Race [name=Orc, immortal=false]]
but could not find the following element(s):
  [Race [name=Orc, immortal=false]]

	at org.assertj.examples.AssumptionExamples.can_use_extracting_feature_in_assumptions(AssumptionExamples.java:89)
</skipped>
  </testcase>
  <testcase name="when_all_assumptions_are_met_the_test_should_be_run" classname="org.assertj.examples.AssumptionExamples" time="0.001"/>
  <testcase name="when_assumption_is_not_met_the_test_should_be_ignored" classname="org.assertj.examples.AssumptionExamples" time="0">
    <skipped message="assumption was not met due to: &#10;expected: Race [name=Orc, immortal=false]&#10;but was : Race [name=Hobbit, immortal=false]" type="org.junit.AssumptionViolatedException">org.junit.AssumptionViolatedException: 
assumption was not met due to: 
expected: Race [name=Orc, immortal=false]
but was : Race [name=Hobbit, immortal=false]
	at org.assertj.examples.AssumptionExamples.when_assumption_is_not_met_the_test_should_be_ignored(AssumptionExamples.java:41)
Caused by: org.opentest4j.AssertionFailedError: 

expected: Race [name=Orc, immortal=false]
but was : Race [name=Hobbit, immortal=false]
	at org.assertj.examples.AssumptionExamples.when_assumption_is_not_met_the_test_should_be_ignored(AssumptionExamples.java:41)
</skipped>
  </testcase>
  <testcase name="assumeThatCode_assumption_not_met_example" classname="org.assertj.examples.AssumptionExamples" time="0">
    <skipped message="assumption was not met due to: &#10;Expecting code not to raise a throwable but caught&#10;  &quot;java.lang.IndexOutOfBoundsException: Index 1000 out of bounds for length 9&#10;	at java.base/jdk.internal.util.Preconditions.outOfBounds(Preconditions.java:64)&#10;	at java.base/jdk.internal.util.Preconditions.outOfBoundsCheckIndex(Preconditions.java:70)&#10;	at java.base/jdk.internal.util.Preconditions.checkIndex(Preconditions.java:248)&#10;	at java.base/java.util.Objects.checkIndex(Objects.java:372)&#10;	at java.base/java.util.ArrayList.get(ArrayList.java:459)&#10;	at org.assertj.examples.AssumptionExamples.lambda$assumeThatCode_assumption_not_met_example$0(AssumptionExamples.java:98)&#10;	at org.assertj.core.api.ThrowableAssert.catchThrowable(ThrowableAssert.java:62)&#10;	at org.assertj.core.api.AssertionsForClassTypes.catchThrowable(AssertionsForClassTypes.java:877)&#10;	at org.assertj.core.api.Assertions.catchThrowable(Assertions.java:1306)&#10;	at org.assertj.core.api.Assumptions.assumeThatCode(Assumptions.java:952)&#10;	at org.assertj.examples.AssumptionExamples.assumeThatCode_assumption_not_met_example(AssumptionExamples.java:98)&#10;	at java.base/jdk.internal.reflect.NativeMethodAccessorImpl.invoke0(Native Method)&#10;	at java.base/jdk.internal.reflect.NativeMethodAccessorImpl.invoke(NativeMethodAccessorImpl.java:62)&#10;	at java.base/jdk.internal.reflect.DelegatingMethodAccessorImpl.invoke(DelegatingMethodAccessorImpl.java:43)&#10;	at java.base/java.lang.reflect.Method.invoke(Method.java:566)&#10;	at org.junit.platform.commons.util.ReflectionUtils.invokeMethod(ReflectionUtils.java:688)&#10;	at org.junit.jupiter.engine.execution.MethodInvocation.proceed(MethodInvocation.java:60)&#10;	at org.junit.jupiter.engine.execution.InvocationInterceptorChain$ValidatingInvocation.proceed(InvocationInterceptorChain.java:131)&#10;	at org.junit.jupiter.engine.extension.TimeoutExtension.intercept(TimeoutExtension.java:149)&#10;	at org.junit.jupiter.engine.extension.TimeoutExtension.interceptTestableMethod(TimeoutExtension.java:140)&#10;	at org.junit.jupiter.engine.extension.TimeoutExtension.interceptTestMethod(TimeoutExtension.java:84)&#10;	at org.junit.jupiter.engine.execution.ExecutableInvoker$ReflectiveInterceptorCall.lambda$ofVoidMethod$0(ExecutableInvoker.java:115)&#10;	at org.junit.jupiter.engine.execution.ExecutableInvoker.lambda$invoke$0(ExecutableInvoker.java:105)&#10;	at org.junit.jupiter.engine.execution.InvocationInterceptorChain$InterceptedInvocation.proceed(InvocationInterceptorChain.java:106)&#10;	at org.junit.jupiter.engine.execution.InvocationInterceptorChain.proceed(InvocationInterceptorChain.java:64)&#10;	at org.junit.jupiter.engine.execution.InvocationInterceptorChain.chainAndInvoke(InvocationInterceptorChain.java:45)&#10;	at org.junit.jupiter.engine.execution.InvocationInterceptorChain.invoke(InvocationInterceptorChain.java:37)&#10;	at org.junit.jupiter.engine.execution.ExecutableInvoker.invoke(ExecutableInvoker.java:104)&#10;	at org.junit.jupiter.engine.execution.ExecutableInvoker.invoke(ExecutableInvoker.java:98)&#10;	at org.junit.jupiter.engine.descriptor.TestMethodTestDescriptor.lambda$invokeTestMethod$6(TestMethodTestDescriptor.java:210)&#10;	at org.junit.platform.engine.support.hierarchical.ThrowableCollector.execute(ThrowableCollector.java:73)&#10;	at org.junit.jupiter.engine.descriptor.TestMethodTestDescriptor.invokeTestMethod(TestMethodTestDescriptor.java:206)&#10;	at org.junit.jupiter.engine.descriptor.TestMethodTestDescriptor.execute(TestMethodTestDescriptor.java:131)&#10;	at org.junit.jupiter.engine.descriptor.TestMethodTestDescriptor.execute(TestMethodTestDescriptor.java:65)&#10;	at org.junit.platform.engine.support.hierarchical.NodeTestTask.lambda$executeRecursively$5(NodeTestTask.java:139)&#10;	at org.junit.platform.engine.support.hierarchical.ThrowableCollector.execute(ThrowableCollector.java:73)&#10;	at org.junit.platform.engine.support.hierarchical.NodeTestTask.lambda$executeRecursively$7(NodeTestTask.java:129)&#10;	at org.junit.platform.engine.support.hierarchical.Node.around(Node.java:137)&#10;	at org.junit.platform.engine.support.hierarchical.NodeTestTask.lambda$executeRecursively$8(NodeTestTask.java:127)&#10;	at org.junit.platform.engine.support.hierarchical.ThrowableCollector.execute(ThrowableCollector.java:73)&#10;	at org.junit.platform.engine.support.hierarchical.NodeTestTask.executeRecursively(NodeTestTask.java:126)&#10;	at org.junit.platform.engine.support.hierarchical.NodeTestTask.execute(NodeTestTask.java:84)&#10;	at java.base/java.util.ArrayList.forEach(ArrayList.java:1541)&#10;	at org.junit.platform.engine.support.hierarchical.SameThreadHierarchicalTestExecutorService.invokeAll(SameThreadHierarchicalTestExecutorService.java:38)&#10;	at org.junit.platform.engine.support.hierarchical.NodeTestTask.lambda$executeRecursively$5(NodeTestTask.java:143)&#10;	at org.junit.platform.engine.support.hierarchical.ThrowableCollector.execute(ThrowableCollector.java:73)&#10;	at org.junit.platform.engine.support.hierarchical.NodeTestTask.lambda$executeRecursively$7(NodeTestTask.java:129)&#10;	at org.junit.platform.engine.support.hierarchical.Node.around(Node.java:137)&#10;	at org.junit.platform.engine.support.hierarchical.NodeTestTask.lambda$executeRecursively$8(NodeTestTask.java:127)&#10;	at org.junit.platform.engine.support.hierarchical.ThrowableCollector.execute(ThrowableCollector.java:73)&#10;	at org.junit.platform.engine.support.hierarchical.NodeTestTask.executeRecursively(NodeTestTask.java:126)&#10;	at org.junit.platform.engine.support.hierarchical.NodeTestTask.execute(NodeTestTask.java:84)&#10;	at java.base/java.util.ArrayList.forEach(ArrayList.java:1541)&#10;	at org.junit.platform.engine.support.hierarchical.SameThreadHierarchicalTestExecutorService.invokeAll(SameThreadHierarchicalTestExecutorService.java:38)&#10;	at org.junit.platform.engine.support.hierarchical.NodeTestTask.lambda$executeRecursively$5(NodeTestTask.java:143)&#10;	at org.junit.platform.engine.support.hierarchical.ThrowableCollector.execute(ThrowableCollector.java:73)&#10;	at org.junit.platform.engine.support.hierarchical.NodeTestTask.lambda$executeRecursively$7(NodeTestTask.java:129)&#10;	at org.junit.platform.engine.support.hierarchical.Node.around(Node.java:137)&#10;	at org.junit.platform.engine.support.hierarchical.NodeTestTask.lambda$executeRecursively$8(NodeTestTask.java:127)&#10;	at org.junit.platform.engine.support.hierarchical.ThrowableCollector.execute(ThrowableCollector.java:73)&#10;	at org.junit.platform.engine.support.hierarchical.NodeTestTask.executeRecursively(NodeTestTask.java:126)&#10;	at org.junit.platform.engine.support.hierarchical.NodeTestTask.execute(NodeTestTask.java:84)&#10;	at org.junit.platform.engine.support.hierarchical.SameThreadHierarchicalTestExecutorService.submit(SameThreadHierarchicalTestExecutorService.java:32)&#10;	at org.junit.platform.engine.support.hierarchical.HierarchicalTestExecutor.execute(HierarchicalTestExecutor.java:57)&#10;	at org.junit.platform.engine.support.hierarchical.HierarchicalTestEngine.execute(HierarchicalTestEngine.java:51)&#10;	at org.junit.platform.launcher.core.DefaultLauncher.execute(DefaultLauncher.java:220)&#10;	at org.junit.platform.launcher.core.DefaultLauncher.lambda$execute$6(DefaultLauncher.java:188)&#10;	at org.junit.platform.launcher.core.DefaultLauncher.withInterceptedStreams(DefaultLauncher.java:202)&#10;	at org.junit.platform.launcher.core.DefaultLauncher.execute(DefaultLauncher.java:181)&#10;	at org.junit.platform.launcher.core.DefaultLauncher.execute(DefaultLauncher.java:128)&#10;	at org.apache.maven.surefire.junitplatform.JUnitPlatformProvider.invokeAllTests(JUnitPlatformProvider.java:142)&#10;	at org.apache.maven.surefire.junitplatform.JUnitPlatformProvider.invoke(JUnitPlatformProvider.java:117)&#10;	at org.apache.maven.surefire.booter.ForkedBooter.invokeProviderInSameClassLoader(ForkedBooter.java:384)&#10;	at org.apache.maven.surefire.booter.ForkedBooter.runSuitesInProcess(ForkedBooter.java:345)&#10;	at org.apache.maven.surefire.booter.ForkedBooter.execute(ForkedBooter.java:126)&#10;	at org.apache.maven.surefire.booter.ForkedBooter.main(ForkedBooter.java:418)&#10;&quot;" type="org.junit.AssumptionViolatedException">org.junit.AssumptionViolatedException: 
assumption was not met due to: 
Expecting code not to raise a throwable but caught
  "java.lang.IndexOutOfBoundsException: Index 1000 out of bounds for length 9
	at java.base/jdk.internal.util.Preconditions.outOfBounds(Preconditions.java:64)
	at java.base/jdk.internal.util.Preconditions.outOfBoundsCheckIndex(Preconditions.java:70)
	at java.base/jdk.internal.util.Preconditions.checkIndex(Preconditions.java:248)
	at java.base/java.util.Objects.checkIndex(Objects.java:372)
	at java.base/java.util.ArrayList.get(ArrayList.java:459)
	at org.assertj.examples.AssumptionExamples.lambda$assumeThatCode_assumption_not_met_example$0(AssumptionExamples.java:98)
	at org.assertj.core.api.ThrowableAssert.catchThrowable(ThrowableAssert.java:62)
	at org.assertj.core.api.AssertionsForClassTypes.catchThrowable(AssertionsForClassTypes.java:877)
	at org.assertj.core.api.Assertions.catchThrowable(Assertions.java:1306)
	at org.assertj.core.api.Assumptions.assumeThatCode(Assumptions.java:952)
	at org.assertj.examples.AssumptionExamples.assumeThatCode_assumption_not_met_example(AssumptionExamples.java:98)
	at java.base/jdk.internal.reflect.NativeMethodAccessorImpl.invoke0(Native Method)
	at java.base/jdk.internal.reflect.NativeMethodAccessorImpl.invoke(NativeMethodAccessorImpl.java:62)
	at java.base/jdk.internal.reflect.DelegatingMethodAccessorImpl.invoke(DelegatingMethodAccessorImpl.java:43)
	at java.base/java.lang.reflect.Method.invoke(Method.java:566)
	at org.junit.platform.commons.util.ReflectionUtils.invokeMethod(ReflectionUtils.java:688)
	at org.junit.jupiter.engine.execution.MethodInvocation.proceed(MethodInvocation.java:60)
	at org.junit.jupiter.engine.execution.InvocationInterceptorChain$ValidatingInvocation.proceed(InvocationInterceptorChain.java:131)
	at org.junit.jupiter.engine.extension.TimeoutExtension.intercept(TimeoutExtension.java:149)
	at org.junit.jupiter.engine.extension.TimeoutExtension.interceptTestableMethod(TimeoutExtension.java:140)
	at org.junit.jupiter.engine.extension.TimeoutExtension.interceptTestMethod(TimeoutExtension.java:84)
	at org.junit.jupiter.engine.execution.ExecutableInvoker$ReflectiveInterceptorCall.lambda$ofVoidMethod$0(ExecutableInvoker.java:115)
	at org.junit.jupiter.engine.execution.ExecutableInvoker.lambda$invoke$0(ExecutableInvoker.java:105)
	at org.junit.jupiter.engine.execution.InvocationInterceptorChain$InterceptedInvocation.proceed(InvocationInterceptorChain.java:106)
	at org.junit.jupiter.engine.execution.InvocationInterceptorChain.proceed(InvocationInterceptorChain.java:64)
	at org.junit.jupiter.engine.execution.InvocationInterceptorChain.chainAndInvoke(InvocationInterceptorChain.java:45)
	at org.junit.jupiter.engine.execution.InvocationInterceptorChain.invoke(InvocationInterceptorChain.java:37)
	at org.junit.jupiter.engine.execution.ExecutableInvoker.invoke(ExecutableInvoker.java:104)
	at org.junit.jupiter.engine.execution.ExecutableInvoker.invoke(ExecutableInvoker.java:98)
	at org.junit.jupiter.engine.descriptor.TestMethodTestDescriptor.lambda$invokeTestMethod$6(TestMethodTestDescriptor.java:210)
	at org.junit.platform.engine.support.hierarchical.ThrowableCollector.execute(ThrowableCollector.java:73)
	at org.junit.jupiter.engine.descriptor.TestMethodTestDescriptor.invokeTestMethod(TestMethodTestDescriptor.java:206)
	at org.junit.jupiter.engine.descriptor.TestMethodTestDescriptor.execute(TestMethodTestDescriptor.java:131)
	at org.junit.jupiter.engine.descriptor.TestMethodTestDescriptor.execute(TestMethodTestDescriptor.java:65)
	at org.junit.platform.engine.support.hierarchical.NodeTestTask.lambda$executeRecursively$5(NodeTestTask.java:139)
	at org.junit.platform.engine.support.hierarchical.ThrowableCollector.execute(ThrowableCollector.java:73)
	at org.junit.platform.engine.support.hierarchical.NodeTestTask.lambda$executeRecursively$7(NodeTestTask.java:129)
	at org.junit.platform.engine.support.hierarchical.Node.around(Node.java:137)
	at org.junit.platform.engine.support.hierarchical.NodeTestTask.lambda$executeRecursively$8(NodeTestTask.java:127)
	at org.junit.platform.engine.support.hierarchical.ThrowableCollector.execute(ThrowableCollector.java:73)
	at org.junit.platform.engine.support.hierarchical.NodeTestTask.executeRecursively(NodeTestTask.java:126)
	at org.junit.platform.engine.support.hierarchical.NodeTestTask.execute(NodeTestTask.java:84)
	at java.base/java.util.ArrayList.forEach(ArrayList.java:1541)
	at org.junit.platform.engine.support.hierarchical.SameThreadHierarchicalTestExecutorService.invokeAll(SameThreadHierarchicalTestExecutorService.java:38)
	at org.junit.platform.engine.support.hierarchical.NodeTestTask.lambda$executeRecursively$5(NodeTestTask.java:143)
	at org.junit.platform.engine.support.hierarchical.ThrowableCollector.execute(ThrowableCollector.java:73)
	at org.junit.platform.engine.support.hierarchical.NodeTestTask.lambda$executeRecursively$7(NodeTestTask.java:129)
	at org.junit.platform.engine.support.hierarchical.Node.around(Node.java:137)
	at org.junit.platform.engine.support.hierarchical.NodeTestTask.lambda$executeRecursively$8(NodeTestTask.java:127)
	at org.junit.platform.engine.support.hierarchical.ThrowableCollector.execute(ThrowableCollector.java:73)
	at org.junit.platform.engine.support.hierarchical.NodeTestTask.executeRecursively(NodeTestTask.java:126)
	at org.junit.platform.engine.support.hierarchical.NodeTestTask.execute(NodeTestTask.java:84)
	at java.base/java.util.ArrayList.forEach(ArrayList.java:1541)
	at org.junit.platform.engine.support.hierarchical.SameThreadHierarchicalTestExecutorService.invokeAll(SameThreadHierarchicalTestExecutorService.java:38)
	at org.junit.platform.engine.support.hierarchical.NodeTestTask.lambda$executeRecursively$5(NodeTestTask.java:143)
	at org.junit.platform.engine.support.hierarchical.ThrowableCollector.execute(ThrowableCollector.java:73)
	at org.junit.platform.engine.support.hierarchical.NodeTestTask.lambda$executeRecursively$7(NodeTestTask.java:129)
	at org.junit.platform.engine.support.hierarchical.Node.around(Node.java:137)
	at org.junit.platform.engine.support.hierarchical.NodeTestTask.lambda$executeRecursively$8(NodeTestTask.java:127)
	at org.junit.platform.engine.support.hierarchical.ThrowableCollector.execute(ThrowableCollector.java:73)
	at org.junit.platform.engine.support.hierarchical.NodeTestTask.executeRecursively(NodeTestTask.java:126)
	at org.junit.platform.engine.support.hierarchical.NodeTestTask.execute(NodeTestTask.java:84)
	at org.junit.platform.engine.support.hierarchical.SameThreadHierarchicalTestExecutorService.submit(SameThreadHierarchicalTestExecutorService.java:32)
	at org.junit.platform.engine.support.hierarchical.HierarchicalTestExecutor.execute(HierarchicalTestExecutor.java:57)
	at org.junit.platform.engine.support.hierarchical.HierarchicalTestEngine.execute(HierarchicalTestEngine.java:51)
	at org.junit.platform.launcher.core.DefaultLauncher.execute(DefaultLauncher.java:220)
	at org.junit.platform.launcher.core.DefaultLauncher.lambda$execute$6(DefaultLauncher.java:188)
	at org.junit.platform.launcher.core.DefaultLauncher.withInterceptedStreams(DefaultLauncher.java:202)
	at org.junit.platform.launcher.core.DefaultLauncher.execute(DefaultLauncher.java:181)
	at org.junit.platform.launcher.core.DefaultLauncher.execute(DefaultLauncher.java:128)
	at org.apache.maven.surefire.junitplatform.JUnitPlatformProvider.invokeAllTests(JUnitPlatformProvider.java:142)
	at org.apache.maven.surefire.junitplatform.JUnitPlatformProvider.invoke(JUnitPlatformProvider.java:117)
	at org.apache.maven.surefire.booter.ForkedBooter.invokeProviderInSameClassLoader(ForkedBooter.java:384)
	at org.apache.maven.surefire.booter.ForkedBooter.runSuitesInProcess(ForkedBooter.java:345)
	at org.apache.maven.surefire.booter.ForkedBooter.execute(ForkedBooter.java:126)
	at org.apache.maven.surefire.booter.ForkedBooter.main(ForkedBooter.java:418)
"
	at org.assertj.examples.AssumptionExamples.assumeThatCode_assumption_not_met_example(AssumptionExamples.java:98)
Caused by: java.lang.AssertionError: 

Expecting code not to raise a throwable but caught
  "java.lang.IndexOutOfBoundsException: Index 1000 out of bounds for length 9
	at java.base/jdk.internal.util.Preconditions.outOfBounds(Preconditions.java:64)
	at java.base/jdk.internal.util.Preconditions.outOfBoundsCheckIndex(Preconditions.java:70)
	at java.base/jdk.internal.util.Preconditions.checkIndex(Preconditions.java:248)
	at java.base/java.util.Objects.checkIndex(Objects.java:372)
	at java.base/java.util.ArrayList.get(ArrayList.java:459)
	at org.assertj.examples.AssumptionExamples.lambda$assumeThatCode_assumption_not_met_example$0(AssumptionExamples.java:98)
	at org.assertj.core.api.ThrowableAssert.catchThrowable(ThrowableAssert.java:62)
	at org.assertj.core.api.AssertionsForClassTypes.catchThrowable(AssertionsForClassTypes.java:877)
	at org.assertj.core.api.Assertions.catchThrowable(Assertions.java:1306)
	at org.assertj.core.api.Assumptions.assumeThatCode(Assumptions.java:952)
	at org.assertj.examples.AssumptionExamples.assumeThatCode_assumption_not_met_example(AssumptionExamples.java:98)
	at java.base/jdk.internal.reflect.NativeMethodAccessorImpl.invoke0(Native Method)
	at java.base/jdk.internal.reflect.NativeMethodAccessorImpl.invoke(NativeMethodAccessorImpl.java:62)
	at java.base/jdk.internal.reflect.DelegatingMethodAccessorImpl.invoke(DelegatingMethodAccessorImpl.java:43)
	at java.base/java.lang.reflect.Method.invoke(Method.java:566)
	at org.junit.platform.commons.util.ReflectionUtils.invokeMethod(ReflectionUtils.java:688)
	at org.junit.jupiter.engine.execution.MethodInvocation.proceed(MethodInvocation.java:60)
	at org.junit.jupiter.engine.execution.InvocationInterceptorChain$ValidatingInvocation.proceed(InvocationInterceptorChain.java:131)
	at org.junit.jupiter.engine.extension.TimeoutExtension.intercept(TimeoutExtension.java:149)
	at org.junit.jupiter.engine.extension.TimeoutExtension.interceptTestableMethod(TimeoutExtension.java:140)
	at org.junit.jupiter.engine.extension.TimeoutExtension.interceptTestMethod(TimeoutExtension.java:84)
	at org.junit.jupiter.engine.execution.ExecutableInvoker$ReflectiveInterceptorCall.lambda$ofVoidMethod$0(ExecutableInvoker.java:115)
	at org.junit.jupiter.engine.execution.ExecutableInvoker.lambda$invoke$0(ExecutableInvoker.java:105)
	at org.junit.jupiter.engine.execution.InvocationInterceptorChain$InterceptedInvocation.proceed(InvocationInterceptorChain.java:106)
	at org.junit.jupiter.engine.execution.InvocationInterceptorChain.proceed(InvocationInterceptorChain.java:64)
	at org.junit.jupiter.engine.execution.InvocationInterceptorChain.chainAndInvoke(InvocationInterceptorChain.java:45)
	at org.junit.jupiter.engine.execution.InvocationInterceptorChain.invoke(InvocationInterceptorChain.java:37)
	at org.junit.jupiter.engine.execution.ExecutableInvoker.invoke(ExecutableInvoker.java:104)
	at org.junit.jupiter.engine.execution.ExecutableInvoker.invoke(ExecutableInvoker.java:98)
	at org.junit.jupiter.engine.descriptor.TestMethodTestDescriptor.lambda$invokeTestMethod$6(TestMethodTestDescriptor.java:210)
	at org.junit.platform.engine.support.hierarchical.ThrowableCollector.execute(ThrowableCollector.java:73)
	at org.junit.jupiter.engine.descriptor.TestMethodTestDescriptor.invokeTestMethod(TestMethodTestDescriptor.java:206)
	at org.junit.jupiter.engine.descriptor.TestMethodTestDescriptor.execute(TestMethodTestDescriptor.java:131)
	at org.junit.jupiter.engine.descriptor.TestMethodTestDescriptor.execute(TestMethodTestDescriptor.java:65)
	at org.junit.platform.engine.support.hierarchical.NodeTestTask.lambda$executeRecursively$5(NodeTestTask.java:139)
	at org.junit.platform.engine.support.hierarchical.ThrowableCollector.execute(ThrowableCollector.java:73)
	at org.junit.platform.engine.support.hierarchical.NodeTestTask.lambda$executeRecursively$7(NodeTestTask.java:129)
	at org.junit.platform.engine.support.hierarchical.Node.around(Node.java:137)
	at org.junit.platform.engine.support.hierarchical.NodeTestTask.lambda$executeRecursively$8(NodeTestTask.java:127)
	at org.junit.platform.engine.support.hierarchical.ThrowableCollector.execute(ThrowableCollector.java:73)
	at org.junit.platform.engine.support.hierarchical.NodeTestTask.executeRecursively(NodeTestTask.java:126)
	at org.junit.platform.engine.support.hierarchical.NodeTestTask.execute(NodeTestTask.java:84)
	at java.base/java.util.ArrayList.forEach(ArrayList.java:1541)
	at org.junit.platform.engine.support.hierarchical.SameThreadHierarchicalTestExecutorService.invokeAll(SameThreadHierarchicalTestExecutorService.java:38)
	at org.junit.platform.engine.support.hierarchical.NodeTestTask.lambda$executeRecursively$5(NodeTestTask.java:143)
	at org.junit.platform.engine.support.hierarchical.ThrowableCollector.execute(ThrowableCollector.java:73)
	at org.junit.platform.engine.support.hierarchical.NodeTestTask.lambda$executeRecursively$7(NodeTestTask.java:129)
	at org.junit.platform.engine.support.hierarchical.Node.around(Node.java:137)
	at org.junit.platform.engine.support.hierarchical.NodeTestTask.lambda$executeRecursively$8(NodeTestTask.java:127)
	at org.junit.platform.engine.support.hierarchical.ThrowableCollector.execute(ThrowableCollector.java:73)
	at org.junit.platform.engine.support.hierarchical.NodeTestTask.executeRecursively(NodeTestTask.java:126)
	at org.junit.platform.engine.support.hierarchical.NodeTestTask.execute(NodeTestTask.java:84)
	at java.base/java.util.ArrayList.forEach(ArrayList.java:1541)
	at org.junit.platform.engine.support.hierarchical.SameThreadHierarchicalTestExecutorService.invokeAll(SameThreadHierarchicalTestExecutorService.java:38)
	at org.junit.platform.engine.support.hierarchical.NodeTestTask.lambda$executeRecursively$5(NodeTestTask.java:143)
	at org.junit.platform.engine.support.hierarchical.ThrowableCollector.execute(ThrowableCollector.java:73)
	at org.junit.platform.engine.support.hierarchical.NodeTestTask.lambda$executeRecursively$7(NodeTestTask.java:129)
	at org.junit.platform.engine.support.hierarchical.Node.around(Node.java:137)
	at org.junit.platform.engine.support.hierarchical.NodeTestTask.lambda$executeRecursively$8(NodeTestTask.java:127)
	at org.junit.platform.engine.support.hierarchical.ThrowableCollector.execute(ThrowableCollector.java:73)
	at org.junit.platform.engine.support.hierarchical.NodeTestTask.executeRecursively(NodeTestTask.java:126)
	at org.junit.platform.engine.support.hierarchical.NodeTestTask.execute(NodeTestTask.java:84)
	at org.junit.platform.engine.support.hierarchical.SameThreadHierarchicalTestExecutorService.submit(SameThreadHierarchicalTestExecutorService.java:32)
	at org.junit.platform.engine.support.hierarchical.HierarchicalTestExecutor.execute(HierarchicalTestExecutor.java:57)
	at org.junit.platform.engine.support.hierarchical.HierarchicalTestEngine.execute(HierarchicalTestEngine.java:51)
	at org.junit.platform.launcher.core.DefaultLauncher.execute(DefaultLauncher.java:220)
	at org.junit.platform.launcher.core.DefaultLauncher.lambda$execute$6(DefaultLauncher.java:188)
	at org.junit.platform.launcher.core.DefaultLauncher.withInterceptedStreams(DefaultLauncher.java:202)
	at org.junit.platform.launcher.core.DefaultLauncher.execute(DefaultLauncher.java:181)
	at org.junit.platform.launcher.core.DefaultLauncher.execute(DefaultLauncher.java:128)
	at org.apache.maven.surefire.junitplatform.JUnitPlatformProvider.invokeAllTests(JUnitPlatformProvider.java:142)
	at org.apache.maven.surefire.junitplatform.JUnitPlatformProvider.invoke(JUnitPlatformProvider.java:117)
	at org.apache.maven.surefire.booter.ForkedBooter.invokeProviderInSameClassLoader(ForkedBooter.java:384)
	at org.apache.maven.surefire.booter.ForkedBooter.runSuitesInProcess(ForkedBooter.java:345)
	at org.apache.maven.surefire.booter.ForkedBooter.execute(ForkedBooter.java:126)
	at org.apache.maven.surefire.booter.ForkedBooter.main(ForkedBooter.java:418)
"
	at org.assertj.examples.AssumptionExamples.assumeThatCode_assumption_not_met_example(AssumptionExamples.java:98)
</skipped>
  </testcase>
  <testcase name="when_string_comparable_assumption_is_not_met_the_test_should_be_ignored" classname="org.assertj.examples.AssumptionExamples" time="0">
    <skipped message="assumption was not met due to: &#10;Expecting:&#10;  &quot;Frodo&quot;&#10;to be greater than:&#10;  &quot;Gandalf&quot;&#10;" type="org.junit.AssumptionViolatedException">org.junit.AssumptionViolatedException: 
assumption was not met due to: 
Expecting:
  "Frodo"
to be greater than:
  "Gandalf"

	at org.assertj.examples.AssumptionExamples.when_string_comparable_assumption_is_not_met_the_test_should_be_ignored(AssumptionExamples.java:60)
Caused by: java.lang.AssertionError: 

Expecting:
  "Frodo"
to be greater than:
  "Gandalf"

	at org.assertj.examples.AssumptionExamples.when_string_comparable_assumption_is_not_met_the_test_should_be_ignored(AssumptionExamples.java:60)
</skipped>
  </testcase>
  <testcase name="given_assumption_is_not_met_the_test_should_be_ignored" classname="org.assertj.examples.AssumptionExamples" time="0">
    <skipped message="assumption was not met due to: &#10;expected: Race [name=Orc, immortal=false]&#10;but was : Race [name=Hobbit, immortal=false]" type="org.junit.AssumptionViolatedException">org.junit.AssumptionViolatedException: 
assumption was not met due to: 
expected: Race [name=Orc, immortal=false]
but was : Race [name=Hobbit, immortal=false]
	at org.assertj.examples.AssumptionExamples.given_assumption_is_not_met_the_test_should_be_ignored(AssumptionExamples.java:51)
Caused by: org.opentest4j.AssertionFailedError: 

expected: Race [name=Orc, immortal=false]
but was : Race [name=Hobbit, immortal=false]
	at org.assertj.examples.AssumptionExamples.given_assumption_is_not_met_the_test_should_be_ignored(AssumptionExamples.java:51)
</skipped>
  </testcase>
  <testcase name="assumptions_still_work_when_switching_the_object_under_test" classname="org.assertj.examples.AssumptionExamples" time="0">
    <skipped message="assumption was not met due to: &#10;Expecting ArrayList:&#10;  [&quot;Frodo&quot;, &quot;Sam&quot;, &quot;Merry&quot;, &quot;Pippin&quot;]&#10;to contain:&#10;  [&quot;Elrond&quot;]&#10;but could not find the following element(s):&#10;  [&quot;Elrond&quot;]&#10;" type="org.junit.AssumptionViolatedException">org.junit.AssumptionViolatedException: 
assumption was not met due to: 
Expecting ArrayList:
  ["Frodo", "Sam", "Merry", "Pippin"]
to contain:
  ["Elrond"]
but could not find the following element(s):
  ["Elrond"]

	at org.assertj.examples.AssumptionExamples.assumptions_still_work_when_switching_the_object_under_test(AssumptionExamples.java:132)
Caused by: java.lang.AssertionError: 

Expecting ArrayList:
  ["Frodo", "Sam", "Merry", "Pippin"]
to contain:
  ["Elrond"]
but could not find the following element(s):
  ["Elrond"]

	at org.assertj.examples.AssumptionExamples.assumptions_still_work_when_switching_the_object_under_test(AssumptionExamples.java:132)
</skipped>
  </testcase>
  <testcase name="when_assumption_is_met_the_test_should_be_run" classname="org.assertj.examples.AssumptionExamples" time="0"/>
</testsuite>